#
# There is insufficient memory for the Java Runtime Environment to continue.
# Native memory allocation (malloc) failed to allocate 2464816 bytes for Chunk::new
# Possible reasons:
#   The system is out of physical RAM or swap space
#   The process is running with CompressedOops enabled, and the Java Heap may be blocking the growth of the native heap
# Possible solutions:
#   Reduce memory load on the system
#   Increase physical memory or swap space
#   Check if swap backing store is full
#   Decrease Java heap size (-Xmx/-Xms)
#   Decrease number of Java threads
#   Decrease Java thread stack sizes (-Xss)
#   Set larger code cache with -XX:ReservedCodeCacheSize=
#   JVM is running with Unscaled Compressed Oops mode in which the Java heap is
#     placed in the first 4GB address space. The Java Heap base address is the
#     maximum limit for the native heap growth. Please use -XX:HeapBaseMinAddress
#     to set the Java Heap base and to place the Java Heap above 4GB virtual address.
# This output file may be truncated or incomplete.
#
#  Out of Memory Error (t:/workspace/hotspot/src/share/vm/memory/allocation.cpp:372), pid=18056, tid=16812
#
# JRE version: Java(TM) SE Runtime Environment (9.0+11) (build 9.0.1+11)
# Java VM: Java HotSpot(TM) 64-Bit Server VM (9.0.1+11, mixed mode, tiered, compressed oops, g1 gc, windows-amd64)
# No core dump will be written. Minidumps are not enabled by default on client versions of Windows
#

---------------  S U M M A R Y ------------

Command Line: -Dfile.encoding=GBK application.Main

Host: Intel(R) Core(TM) i7-7500U CPU @ 2.70GHz, 4 cores, 7G,  Windows 10 , 64 bit Build 18362 (10.0.18362.329)
Time: Mon Apr 13 20:02:54 2020 ?¡Â?¡¤??¨¢?¨º¡À elapsed time: 2 seconds (0d 0h 0m 2s)

---------------  T H R E A D  ---------------

Current thread (0x0000023f4c793000):  JavaThread "C2 CompilerThread0" daemon [_thread_in_native, id=16812, stack(0x00000063c7c00000,0x00000063c7d00000)]


Current CompileTask:
C2:   2480 1127   !   4       com.sun.javafx.css.ParsedValueImpl::readBinary (688 bytes)

Stack: [0x00000063c7c00000,0x00000063c7d00000]
Native frames: (J=compiled Java code, j=interpreted, Vv=VM code, C=native code)
V  [jvm.dll+0x5870b8]
V  [jvm.dll+0x69c0ee]
V  [jvm.dll+0x69d00a]
V  [jvm.dll+0x69d643]
V  [jvm.dll+0x21d148]
V  [jvm.dll+0xa7c6c]
V  [jvm.dll+0xa85ac]
V  [jvm.dll+0x320ef5]
V  [jvm.dll+0x17b74c]
V  [jvm.dll+0x1e9acd]
V  [jvm.dll+0x1e8c66]
V  [jvm.dll+0x1691bb]
V  [jvm.dll+0x1f64f0]
V  [jvm.dll+0x1f5176]
V  [jvm.dll+0x66b2df]
V  [jvm.dll+0x5864e0]
C  [msvcr120.dll+0x24f7f]
C  [msvcr120.dll+0x25126]
C  [KERNEL32.DLL+0x17bd4]
C  [ntdll.dll+0x6ced1]


---------------  P R O C E S S  ---------------

Java Threads: ( => current thread )
  0x0000023f4dd21800 JavaThread "Java2D Disposer" daemon [_thread_blocked, id=15620, stack(0x00000063c8b00000,0x00000063c8c00000)]
  0x0000023f4d397800 JavaThread "Thread-2" daemon [_thread_in_native, id=18884, stack(0x00000063c8900000,0x00000063c8a00000)]
  0x0000023f4d2ee800 JavaThread "JavaFX-Launcher" [_thread_blocked, id=16616, stack(0x00000063c8a00000,0x00000063c8b00000)]
  0x0000023f4d69e000 JavaThread "JavaFX Application Thread" [_thread_in_native, id=1848, stack(0x00000063c8500000,0x00000063c8600000)]
  0x0000023f4d433000 JavaThread "InvokeLaterDispatcher" daemon [_thread_blocked, id=6792, stack(0x00000063c8400000,0x00000063c8500000)]
  0x0000023f4cfbf800 JavaThread "QuantumRenderer-0" daemon [_thread_blocked, id=18424, stack(0x00000063c8300000,0x00000063c8400000)]
  0x0000023f4c998000 JavaThread "Service Thread" daemon [_thread_blocked, id=1532, stack(0x00000063c8100000,0x00000063c8200000)]
  0x0000023f4c83b000 JavaThread "Common-Cleaner" daemon [_thread_blocked, id=18752, stack(0x00000063c8000000,0x00000063c8100000)]
  0x0000023f4c80a800 JavaThread "Sweeper thread" daemon [_thread_blocked, id=13716, stack(0x00000063c7f00000,0x00000063c8000000)]
  0x0000023f4c7f8800 JavaThread "C1 CompilerThread2" daemon [_thread_blocked, id=10528, stack(0x00000063c7e00000,0x00000063c7f00000)]
  0x0000023f4c7f6800 JavaThread "C2 CompilerThread1" daemon [_thread_blocked, id=16496, stack(0x00000063c7d00000,0x00000063c7e00000)]
=>0x0000023f4c793000 JavaThread "C2 CompilerThread0" daemon [_thread_in_native, id=16812, stack(0x00000063c7c00000,0x00000063c7d00000)]
  0x0000023f4c791000 JavaThread "Attach Listener" daemon [_thread_blocked, id=7380, stack(0x00000063c7b00000,0x00000063c7c00000)]
  0x0000023f4c790000 JavaThread "Signal Dispatcher" daemon [_thread_blocked, id=1136, stack(0x00000063c7a00000,0x00000063c7b00000)]
  0x0000023f4c735000 JavaThread "Finalizer" daemon [_thread_blocked, id=4180, stack(0x00000063c7900000,0x00000063c7a00000)]
  0x0000023f4c72a000 JavaThread "Reference Handler" daemon [_thread_blocked, id=13844, stack(0x00000063c7800000,0x00000063c7900000)]
  0x0000023f2cad1800 JavaThread "main" [_thread_blocked, id=14320, stack(0x00000063c6b00000,0x00000063c6c00000)]

Other Threads:
  0x0000023f4c702000 VMThread "VM Thread" [stack: 0x00000063c7700000,0x00000063c7800000] [id=15292]
  0x0000023f4c99a800 WatcherThread [stack: 0x00000063c8200000,0x00000063c8300000] [id=16284]
  0x0000023f2cae8800 GCTaskThread "GC Thread#0" [stack: 0x00000063c6c00000,0x00000063c6d00000] [id=19428]
  0x0000023f2caea000 GCTaskThread "GC Thread#1" [stack: 0x00000063c6d00000,0x00000063c6e00000] [id=18724]
  0x0000023f2caeb800 GCTaskThread "GC Thread#2" [stack: 0x00000063c6e00000,0x00000063c6f00000] [id=14420]
  0x0000023f2caee000 GCTaskThread "GC Thread#3" [stack: 0x00000063c6f00000,0x00000063c7000000] [id=17812]
  0x0000023f2cb68800 ConcurrentGCThread "G1 Main Marker" [stack: 0x00000063c7500000,0x00000063c7600000] [id=9928]
  0x0000023f2cb6a000 ConcurrentGCThread "G1 Marker#0" [stack: 0x00000063c7600000,0x00000063c7700000] [id=5612]
  0x0000023f2caf8000 ConcurrentGCThread "G1 Refine#0" [stack: 0x00000063c7300000,0x00000063c7400000] [id=13592]
  0x0000023f2caf6000 ConcurrentGCThread "G1 Refine#1" [stack: 0x00000063c7200000,0x00000063c7300000] [id=18544]
  0x0000023f2caf2800 ConcurrentGCThread "G1 Refine#2" [stack: 0x00000063c7100000,0x00000063c7200000] [id=1436]
  0x0000023f2caef800 ConcurrentGCThread "G1 Refine#3" [stack: 0x00000063c7000000,0x00000063c7100000] [id=6348]
  0x0000023f2caf9800 ConcurrentGCThread "G1 Young RemSet Sampling" [stack: 0x00000063c7400000,0x00000063c7500000] [id=18596]

Threads with active compile tasks:
C2 CompilerThread01127   !   4       com.sun.javafx.css.ParsedValueImpl::readBinary (688 bytes)

VM state:not at safepoint (normal execution)

VM Mutex/Monitor currently owned by a thread: None

Heap address: 0x0000000081800000, size: 2024 MB, Compressed Oops mode: 32-bit
Narrow klass base: 0x0000000000000000, Narrow klass shift: 3
Compressed class space size: 1073741824 Address: 0x0000000100000000

Heap:
 garbage-first heap   total 131072K, used 13615K [0x0000000081800000, 0x0000000081900400, 0x0000000100000000)
  region size 1024K, 4 young (4096K), 1 survivors (1024K)
 Metaspace       used 16782K, capacity 17950K, committed 18176K, reserved 1064960K
  class space    used 2260K, capacity 2524K, committed 2560K, reserved 1048576K
Heap Regions: E=young(eden), S=young(survivor), O=old, HS=humongous(starts), HC=humongous(continues), CS=collection set, F=free, A=archive, TS=gc time stamp, AC=allocation context, TAMS=top-at-mark-start (previous, next)
|   0|0x0000000081800000, 0x0000000081900000, 0x0000000081900000|100%| O|  |TS  3|AC  0|TAMS 0x0000000081800000, 0x0000000081800000|
|   1|0x0000000081900000, 0x000000008194be00, 0x0000000081a00000| 29%| O|  |TS  3|AC  0|TAMS 0x0000000081900000, 0x0000000081900000|
|   2|0x0000000081a00000, 0x0000000081b00000, 0x0000000081b00000|100%|HS|  |TS  1|AC  0|TAMS 0x0000000081a00000, 0x0000000081a00000|
|   3|0x0000000081b00000, 0x0000000081c00000, 0x0000000081c00000|100%|HS|  |TS  1|AC  0|TAMS 0x0000000081b00000, 0x0000000081b00000|
|   4|0x0000000081c00000, 0x0000000081d00000, 0x0000000081d00000|100%|HS|  |TS  1|AC  0|TAMS 0x0000000081c00000, 0x0000000081c00000|
|   5|0x0000000081d00000, 0x0000000081e00000, 0x0000000081e00000|100%|HS|  |TS  1|AC  0|TAMS 0x0000000081d00000, 0x0000000081d00000|
|   6|0x0000000081e00000, 0x0000000081f00000, 0x0000000081f00000|100%| O|  |TS  1|AC  0|TAMS 0x0000000081e00000, 0x0000000081e00000|
|   7|0x0000000081f00000, 0x0000000082000000, 0x0000000082000000|100%| O|  |TS  1|AC  0|TAMS 0x0000000081f00000, 0x0000000081f00000|
|   8|0x0000000082000000, 0x0000000082100000, 0x0000000082100000|100%| O|  |TS  3|AC  0|TAMS 0x0000000082000000, 0x0000000082000000|
|   9|0x0000000082100000, 0x0000000082200000, 0x0000000082200000|100%|HS|  |TS  0|AC  0|TAMS 0x0000000082100000, 0x0000000082100000|
|  10|0x0000000082200000, 0x0000000082300000, 0x0000000082300000|100%|HS|  |TS  0|AC  0|TAMS 0x0000000082200000, 0x0000000082200000|
|  11|0x0000000082300000, 0x0000000082300000, 0x0000000082400000|  0%| F|  |TS  0|AC  0|TAMS 0x0000000082300000, 0x0000000082300000|
|  12|0x0000000082400000, 0x0000000082400000, 0x0000000082500000|  0%| F|  |TS  0|AC  0|TAMS 0x0000000082400000, 0x0000000082400000|
|  13|0x0000000082500000, 0x0000000082500000, 0x0000000082600000|  0%| F|  |TS  0|AC  0|TAMS 0x0000000082500000, 0x0000000082500000|
|  14|0x0000000082600000, 0x0000000082600000, 0x0000000082700000|  0%| F|  |TS  0|AC  0|TAMS 0x0000000082600000, 0x0000000082600000|
|  15|0x0000000082700000, 0x0000000082700000, 0x0000000082800000|  0%| F|  |TS  0|AC  0|TAMS 0x0000000082700000, 0x0000000082700000|
|  16|0x0000000082800000, 0x0000000082800000, 0x0000000082900000|  0%| F|  |TS  0|AC  0|TAMS 0x0000000082800000, 0x0000000082800000|
|  17|0x0000000082900000, 0x0000000082900000, 0x0000000082a00000|  0%| F|  |TS  0|AC  0|TAMS 0x0000000082900000, 0x0000000082900000|
|  18|0x0000000082a00000, 0x0000000082a00000, 0x0000000082b00000|  0%| F|  |TS  0|AC  0|TAMS 0x0000000082a00000, 0x0000000082a00000|
|  19|0x0000000082b00000, 0x0000000082b00000, 0x0000000082c00000|  0%| F|  |TS  0|AC  0|TAMS 0x0000000082b00000, 0x0000000082b00000|
|  20|0x0000000082c00000, 0x0000000082c00000, 0x0000000082d00000|  0%| F|  |TS  0|AC  0|TAMS 0x0000000082c00000, 0x0000000082c00000|
|  21|0x0000000082d00000, 0x0000000082d00000, 0x0000000082e00000|  0%| F|  |TS  0|AC  0|TAMS 0x0000000082d00000, 0x0000000082d00000|
|  22|0x0000000082e00000, 0x0000000082e00000, 0x0000000082f00000|  0%| F|  |TS  0|AC  0|TAMS 0x0000000082e00000, 0x0000000082e00000|
|  23|0x0000000082f00000, 0x0000000082f00000, 0x0000000083000000|  0%| F|  |TS  0|AC  0|TAMS 0x0000000082f00000, 0x0000000082f00000|
|  24|0x0000000083000000, 0x0000000083000000, 0x0000000083100000|  0%| F|  |TS  0|AC  0|TAMS 0x0000000083000000, 0x0000000083000000|
|  25|0x0000000083100000, 0x0000000083100000, 0x0000000083200000|  0%| F|  |TS  0|AC  0|TAMS 0x0000000083100000, 0x0000000083100000|
|  26|0x0000000083200000, 0x0000000083200000, 0x0000000083300000|  0%| F|  |TS  0|AC  0|TAMS 0x0000000083200000, 0x0000000083200000|
|  27|0x0000000083300000, 0x0000000083300000, 0x0000000083400000|  0%| F|  |TS  0|AC  0|TAMS 0x0000000083300000, 0x0000000083300000|
|  28|0x0000000083400000, 0x0000000083400000, 0x0000000083500000|  0%| F|  |TS  0|AC  0|TAMS 0x0000000083400000, 0x0000000083400000|
|  29|0x0000000083500000, 0x0000000083500000, 0x0000000083600000|  0%| F|  |TS  0|AC  0|TAMS 0x0000000083500000, 0x0000000083500000|
|  30|0x0000000083600000, 0x0000000083600000, 0x0000000083700000|  0%| F|  |TS  0|AC  0|TAMS 0x0000000083600000, 0x0000000083600000|
|  31|0x0000000083700000, 0x0000000083700000, 0x0000000083800000|  0%| F|  |TS  0|AC  0|TAMS 0x0000000083700000, 0x0000000083700000|
|  32|0x0000000083800000, 0x0000000083800000, 0x0000000083900000|  0%| F|  |TS  0|AC  0|TAMS 0x0000000083800000, 0x0000000083800000|
|  33|0x0000000083900000, 0x0000000083900000, 0x0000000083a00000|  0%| F|  |TS  0|AC  0|TAMS 0x0000000083900000, 0x0000000083900000|
|  34|0x0000000083a00000, 0x0000000083a00000, 0x0000000083b00000|  0%| F|  |TS  0|AC  0|TAMS 0x0000000083a00000, 0x0000000083a00000|
|  35|0x0000000083b00000, 0x0000000083b00000, 0x0000000083c00000|  0%| F|  |TS  0|AC  0|TAMS 0x0000000083b00000, 0x0000000083b00000|
|  36|0x0000000083c00000, 0x0000000083c00000, 0x0000000083d00000|  0%| F|  |TS  0|AC  0|TAMS 0x0000000083c00000, 0x0000000083c00000|
|  37|0x0000000083d00000, 0x0000000083d00000, 0x0000000083e00000|  0%| F|  |TS  0|AC  0|TAMS 0x0000000083d00000, 0x0000000083d00000|
|  38|0x0000000083e00000, 0x0000000083e00000, 0x0000000083f00000|  0%| F|  |TS  0|AC  0|TAMS 0x0000000083e00000, 0x0000000083e00000|
|  39|0x0000000083f00000, 0x0000000083f00000, 0x0000000084000000|  0%| F|  |TS  0|AC  0|TAMS 0x0000000083f00000, 0x0000000083f00000|
|  40|0x0000000084000000, 0x0000000084000000, 0x0000000084100000|  0%| F|  |TS  0|AC  0|TAMS 0x0000000084000000, 0x0000000084000000|
|  41|0x0000000084100000, 0x0000000084100000, 0x0000000084200000|  0%| F|  |TS  0|AC  0|TAMS 0x0000000084100000, 0x0000000084100000|
|  42|0x0000000084200000, 0x0000000084200000, 0x0000000084300000|  0%| F|  |TS  0|AC  0|TAMS 0x0000000084200000, 0x0000000084200000|
|  43|0x0000000084300000, 0x0000000084300000, 0x0000000084400000|  0%| F|  |TS  0|AC  0|TAMS 0x0000000084300000, 0x0000000084300000|
|  44|0x0000000084400000, 0x0000000084400000, 0x0000000084500000|  0%| F|  |TS  0|AC  0|TAMS 0x0000000084400000, 0x0000000084400000|
|  45|0x0000000084500000, 0x0000000084500000, 0x0000000084600000|  0%| F|  |TS  0|AC  0|TAMS 0x0000000084500000, 0x0000000084500000|
|  46|0x0000000084600000, 0x0000000084600000, 0x0000000084700000|  0%| F|  |TS  0|AC  0|TAMS 0x0000000084600000, 0x0000000084600000|
|  47|0x0000000084700000, 0x0000000084700000, 0x0000000084800000|  0%| F|  |TS  0|AC  0|TAMS 0x0000000084700000, 0x0000000084700000|
|  48|0x0000000084800000, 0x0000000084800000, 0x0000000084900000|  0%| F|  |TS  0|AC  0|TAMS 0x0000000084800000, 0x0000000084800000|
|  49|0x0000000084900000, 0x0000000084900000, 0x0000000084a00000|  0%| F|  |TS  0|AC  0|TAMS 0x0000000084900000, 0x0000000084900000|
|  50|0x0000000084a00000, 0x0000000084a00000, 0x0000000084b00000|  0%| F|  |TS  0|AC  0|TAMS 0x0000000084a00000, 0x0000000084a00000|
|  51|0x0000000084b00000, 0x0000000084b00000, 0x0000000084c00000|  0%| F|  |TS  0|AC  0|TAMS 0x0000000084b00000, 0x0000000084b00000|
|  52|0x0000000084c00000, 0x0000000084c00000, 0x0000000084d00000|  0%| F|  |TS  0|AC  0|TAMS 0x0000000084c00000, 0x0000000084c00000|
|  53|0x0000000084d00000, 0x0000000084d00000, 0x0000000084e00000|  0%| F|  |TS  0|AC  0|TAMS 0x0000000084d00000, 0x0000000084d00000|
|  54|0x0000000084e00000, 0x0000000084e00000, 0x0000000084f00000|  0%| F|  |TS  0|AC  0|TAMS 0x0000000084e00000, 0x0000000084e00000|
|  55|0x0000000084f00000, 0x0000000084f00000, 0x0000000085000000|  0%| F|  |TS  0|AC  0|TAMS 0x0000000084f00000, 0x0000000084f00000|
|  56|0x0000000085000000, 0x0000000085000000, 0x0000000085100000|  0%| F|  |TS  0|AC  0|TAMS 0x0000000085000000, 0x0000000085000000|
|  57|0x0000000085100000, 0x0000000085100000, 0x0000000085200000|  0%| F|  |TS  0|AC  0|TAMS 0x0000000085100000, 0x0000000085100000|
|  58|0x0000000085200000, 0x0000000085200000, 0x0000000085300000|  0%| F|  |TS  0|AC  0|TAMS 0x0000000085200000, 0x0000000085200000|
|  59|0x0000000085300000, 0x0000000085300000, 0x0000000085400000|  0%| F|  |TS  0|AC  0|TAMS 0x0000000085300000, 0x0000000085300000|
|  60|0x0000000085400000, 0x0000000085400000, 0x0000000085500000|  0%| F|  |TS  0|AC  0|TAMS 0x0000000085400000, 0x0000000085400000|
|  61|0x0000000085500000, 0x0000000085500000, 0x0000000085600000|  0%| F|  |TS  0|AC  0|TAMS 0x0000000085500000, 0x0000000085500000|
|  62|0x0000000085600000, 0x0000000085600000, 0x0000000085700000|  0%| F|  |TS  0|AC  0|TAMS 0x0000000085600000, 0x0000000085600000|
|  63|0x0000000085700000, 0x0000000085700000, 0x0000000085800000|  0%| F|  |TS  0|AC  0|TAMS 0x0000000085700000, 0x0000000085700000|
|  64|0x0000000085800000, 0x0000000085800000, 0x0000000085900000|  0%| F|  |TS  0|AC  0|TAMS 0x0000000085800000, 0x0000000085800000|
|  65|0x0000000085900000, 0x0000000085900000, 0x0000000085a00000|  0%| F|  |TS  0|AC  0|TAMS 0x0000000085900000, 0x0000000085900000|
|  66|0x0000000085a00000, 0x0000000085a00000, 0x0000000085b00000|  0%| F|  |TS  0|AC  0|TAMS 0x0000000085a00000, 0x0000000085a00000|
|  67|0x0000000085b00000, 0x0000000085b00000, 0x0000000085c00000|  0%| F|  |TS  0|AC  0|TAMS 0x0000000085b00000, 0x0000000085b00000|
|  68|0x0000000085c00000, 0x0000000085c00000, 0x0000000085d00000|  0%| F|  |TS  0|AC  0|TAMS 0x0000000085c00000, 0x0000000085c00000|
|  69|0x0000000085d00000, 0x0000000085d00000, 0x0000000085e00000|  0%| F|  |TS  0|AC  0|TAMS 0x0000000085d00000, 0x0000000085d00000|
|  70|0x0000000085e00000, 0x0000000085e00000, 0x0000000085f00000|  0%| F|  |TS  0|AC  0|TAMS 0x0000000085e00000, 0x0000000085e00000|
|  71|0x0000000085f00000, 0x0000000085f00000, 0x0000000086000000|  0%| F|  |TS  0|AC  0|TAMS 0x0000000085f00000, 0x0000000085f00000|
|  72|0x0000000086000000, 0x0000000086000000, 0x0000000086100000|  0%| F|  |TS  0|AC  0|TAMS 0x0000000086000000, 0x0000000086000000|
|  73|0x0000000086100000, 0x0000000086100000, 0x0000000086200000|  0%| F|  |TS  0|AC  0|TAMS 0x0000000086100000, 0x0000000086100000|
|  74|0x0000000086200000, 0x0000000086200000, 0x0000000086300000|  0%| F|  |TS  0|AC  0|TAMS 0x0000000086200000, 0x0000000086200000|
|  75|0x0000000086300000, 0x0000000086300000, 0x0000000086400000|  0%| F|  |TS  0|AC  0|TAMS 0x0000000086300000, 0x0000000086300000|
|  76|0x0000000086400000, 0x0000000086400000, 0x0000000086500000|  0%| F|  |TS  0|AC  0|TAMS 0x0000000086400000, 0x0000000086400000|
|  77|0x0000000086500000, 0x0000000086500000, 0x0000000086600000|  0%| F|  |TS  0|AC  0|TAMS 0x0000000086500000, 0x0000000086500000|
|  78|0x0000000086600000, 0x0000000086600000, 0x0000000086700000|  0%| F|  |TS  0|AC  0|TAMS 0x0000000086600000, 0x0000000086600000|
|  79|0x0000000086700000, 0x0000000086700000, 0x0000000086800000|  0%| F|  |TS  0|AC  0|TAMS 0x0000000086700000, 0x0000000086700000|
|  80|0x0000000086800000, 0x0000000086800000, 0x0000000086900000|  0%| F|  |TS  0|AC  0|TAMS 0x0000000086800000, 0x0000000086800000|
|  81|0x0000000086900000, 0x0000000086900000, 0x0000000086a00000|  0%| F|  |TS  0|AC  0|TAMS 0x0000000086900000, 0x0000000086900000|
|  82|0x0000000086a00000, 0x0000000086a00000, 0x0000000086b00000|  0%| F|  |TS  0|AC  0|TAMS 0x0000000086a00000, 0x0000000086a00000|
|  83|0x0000000086b00000, 0x0000000086b00000, 0x0000000086c00000|  0%| F|  |TS  0|AC  0|TAMS 0x0000000086b00000, 0x0000000086b00000|
|  84|0x0000000086c00000, 0x0000000086c00000, 0x0000000086d00000|  0%| F|  |TS  0|AC  0|TAMS 0x0000000086c00000, 0x0000000086c00000|
|  85|0x0000000086d00000, 0x0000000086d00000, 0x0000000086e00000|  0%| F|  |TS  0|AC  0|TAMS 0x0000000086d00000, 0x0000000086d00000|
|  86|0x0000000086e00000, 0x0000000086e00000, 0x0000000086f00000|  0%| F|  |TS  0|AC  0|TAMS 0x0000000086e00000, 0x0000000086e00000|
|  87|0x0000000086f00000, 0x0000000086f00000, 0x0000000087000000|  0%| F|  |TS  0|AC  0|TAMS 0x0000000086f00000, 0x0000000086f00000|
|  88|0x0000000087000000, 0x0000000087000000, 0x0000000087100000|  0%| F|  |TS  0|AC  0|TAMS 0x0000000087000000, 0x0000000087000000|
|  89|0x0000000087100000, 0x0000000087100000, 0x0000000087200000|  0%| F|  |TS  0|AC  0|TAMS 0x0000000087100000, 0x0000000087100000|
|  90|0x0000000087200000, 0x0000000087200000, 0x0000000087300000|  0%| F|  |TS  0|AC  0|TAMS 0x0000000087200000, 0x0000000087200000|
|  91|0x0000000087300000, 0x0000000087300000, 0x0000000087400000|  0%| F|  |TS  0|AC  0|TAMS 0x0000000087300000, 0x0000000087300000|
|  92|0x0000000087400000, 0x0000000087400000, 0x0000000087500000|  0%| F|  |TS  0|AC  0|TAMS 0x0000000087400000, 0x0000000087400000|
|  93|0x0000000087500000, 0x0000000087500000, 0x0000000087600000|  0%| F|  |TS  0|AC  0|TAMS 0x0000000087500000, 0x0000000087500000|
|  94|0x0000000087600000, 0x0000000087600000, 0x0000000087700000|  0%| F|  |TS  0|AC  0|TAMS 0x0000000087600000, 0x0000000087600000|
|  95|0x0000000087700000, 0x0000000087700000, 0x0000000087800000|  0%| F|  |TS  0|AC  0|TAMS 0x0000000087700000, 0x0000000087700000|
|  96|0x0000000087800000, 0x0000000087800000, 0x0000000087900000|  0%| F|  |TS  0|AC  0|TAMS 0x0000000087800000, 0x0000000087800000|
|  97|0x0000000087900000, 0x0000000087900000, 0x0000000087a00000|  0%| F|  |TS  0|AC  0|TAMS 0x0000000087900000, 0x0000000087900000|
|  98|0x0000000087a00000, 0x0000000087a00000, 0x0000000087b00000|  0%| F|  |TS  0|AC  0|TAMS 0x0000000087a00000, 0x0000000087a00000|
|  99|0x0000000087b00000, 0x0000000087b00000, 0x0000000087c00000|  0%| F|  |TS  0|AC  0|TAMS 0x0000000087b00000, 0x0000000087b00000|
| 100|0x0000000087c00000, 0x0000000087c00000, 0x0000000087d00000|  0%| F|  |TS  0|AC  0|TAMS 0x0000000087c00000, 0x0000000087c00000|
| 101|0x0000000087d00000, 0x0000000087d00000, 0x0000000087e00000|  0%| F|  |TS  0|AC  0|TAMS 0x0000000087d00000, 0x0000000087d00000|
| 102|0x0000000087e00000, 0x0000000087e00000, 0x0000000087f00000|  0%| F|  |TS  0|AC  0|TAMS 0x0000000087e00000, 0x0000000087e00000|
| 103|0x0000000087f00000, 0x0000000087f00000, 0x0000000088000000|  0%| F|  |TS  0|AC  0|TAMS 0x0000000087f00000, 0x0000000087f00000|
| 104|0x0000000088000000, 0x0000000088000000, 0x0000000088100000|  0%| F|  |TS  0|AC  0|TAMS 0x0000000088000000, 0x0000000088000000|
| 105|0x0000000088100000, 0x0000000088100000, 0x0000000088200000|  0%| F|  |TS  0|AC  0|TAMS 0x0000000088100000, 0x0000000088100000|
| 106|0x0000000088200000, 0x0000000088200000, 0x0000000088300000|  0%| F|  |TS  0|AC  0|TAMS 0x0000000088200000, 0x0000000088200000|
| 107|0x0000000088300000, 0x0000000088300000, 0x0000000088400000|  0%| F|  |TS  0|AC  0|TAMS 0x0000000088300000, 0x0000000088300000|
| 108|0x0000000088400000, 0x0000000088400000, 0x0000000088500000|  0%| F|  |TS  0|AC  0|TAMS 0x0000000088400000, 0x0000000088400000|
| 109|0x0000000088500000, 0x0000000088500000, 0x0000000088600000|  0%| F|  |TS  0|AC  0|TAMS 0x0000000088500000, 0x0000000088500000|
| 110|0x0000000088600000, 0x0000000088600000, 0x0000000088700000|  0%| F|  |TS  0|AC  0|TAMS 0x0000000088600000, 0x0000000088600000|
| 111|0x0000000088700000, 0x0000000088700000, 0x0000000088800000|  0%| F|  |TS  0|AC  0|TAMS 0x0000000088700000, 0x0000000088700000|
| 112|0x0000000088800000, 0x0000000088800000, 0x0000000088900000|  0%| F|  |TS  3|AC  0|TAMS 0x0000000088800000, 0x0000000088800000|
| 113|0x0000000088900000, 0x0000000088900000, 0x0000000088a00000|  0%| F|  |TS  3|AC  0|TAMS 0x0000000088900000, 0x0000000088900000|
| 114|0x0000000088a00000, 0x0000000088a00000, 0x0000000088b00000|  0%| F|  |TS  1|AC  0|TAMS 0x0000000088a00000, 0x0000000088a00000|
| 115|0x0000000088b00000, 0x0000000088b00000, 0x0000000088c00000|  0%| F|  |TS  1|AC  0|TAMS 0x0000000088b00000, 0x0000000088b00000|
| 116|0x0000000088c00000, 0x0000000088c00000, 0x0000000088d00000|  0%| F|  |TS  1|AC  0|TAMS 0x0000000088c00000, 0x0000000088c00000|
| 117|0x0000000088d00000, 0x0000000088d00000, 0x0000000088e00000|  0%| F|  |TS  1|AC  0|TAMS 0x0000000088d00000, 0x0000000088d00000|
| 118|0x0000000088e00000, 0x0000000088e00000, 0x0000000088f00000|  0%| F|  |TS  1|AC  0|TAMS 0x0000000088e00000, 0x0000000088e00000|
| 119|0x0000000088f00000, 0x0000000088f00000, 0x0000000089000000|  0%| F|  |TS  1|AC  0|TAMS 0x0000000088f00000, 0x0000000088f00000|
| 120|0x0000000089000000, 0x0000000089000000, 0x0000000089100000|  0%| F|  |TS  1|AC  0|TAMS 0x0000000089000000, 0x0000000089000000|
| 121|0x0000000089100000, 0x0000000089100000, 0x0000000089200000|  0%| F|  |TS  1|AC  0|TAMS 0x0000000089100000, 0x0000000089100000|
| 122|0x0000000089200000, 0x0000000089200000, 0x0000000089300000|  0%| F|  |TS  1|AC  0|TAMS 0x0000000089200000, 0x0000000089200000|
| 123|0x0000000089300000, 0x0000000089400000, 0x0000000089400000|100%| S|CS|TS  3|AC  0|TAMS 0x0000000089300000, 0x0000000089300000|
| 124|0x0000000089400000, 0x0000000089400000, 0x0000000089500000|  0%| F|  |TS  3|AC  0|TAMS 0x0000000089400000, 0x0000000089400000|
| 125|0x0000000089500000, 0x0000000089600000, 0x0000000089600000|100%| E|  |TS  3|AC  0|TAMS 0x0000000089500000, 0x0000000089500000|
| 126|0x0000000089600000, 0x0000000089700000, 0x0000000089700000|100%| E|CS|TS  3|AC  0|TAMS 0x0000000089600000, 0x0000000089600000|
| 127|0x0000000089700000, 0x0000000089800000, 0x0000000089800000|100%| E|CS|TS  3|AC  0|TAMS 0x0000000089700000, 0x0000000089700000|

Card table byte_map: [0x0000023f45140000,0x0000023f45540000] byte_map_base: 0x0000023f44d34000

Marking Bits (Prev, Next): (CMBitMap*) 0x0000023f2cb67a00, (CMBitMap*) 0x0000023f2cb67a38
 Prev Bits: [0x0000023f45940000, 0x0000023f478e0000)
 Next Bits: [0x0000023f478e0000, 0x0000023f49880000)

Polling page: 0x0000023f2cca0000

CodeHeap 'non-profiled nmethods': size=120064Kb used=526Kb max_used=526Kb free=119538Kb
 bounds [0x0000023f3cdd0000, 0x0000023f3d040000, 0x0000023f44310000]
CodeHeap 'profiled nmethods': size=120000Kb used=2642Kb max_used=2642Kb free=117357Kb
 bounds [0x0000023f358a0000, 0x0000023f35b40000, 0x0000023f3cdd0000]
CodeHeap 'non-nmethods': size=5696Kb used=1411Kb max_used=1427Kb free=4284Kb
 bounds [0x0000023f35310000, 0x0000023f35580000, 0x0000023f358a0000]
 total_blobs=2323 nmethods=1348 adapters=578
 compilation: enabled

Compilation events (10 events):
Event: 2.407 Thread 0x0000023f4c7f8800 nmethod 1346 0x0000023f3ce50d10 code [0x0000023f3ce50ec0, 0x0000023f3ce50fd8]
Event: 2.413 Thread 0x0000023f4c7f8800 1347       3       com.sun.javafx.geom.BaseBounds::<init> (5 bytes)
Event: 2.413 Thread 0x0000023f4c7f8800 nmethod 1347 0x0000023f35b34590 code [0x0000023f35b34740, 0x0000023f35b348f8]
Event: 2.417 Thread 0x0000023f4c7f8800 1348       1       java.lang.invoke.MethodHandleImpl$IntrinsicMethodHandle::getTarget (5 bytes)
Event: 2.417 Thread 0x0000023f4c7f8800 nmethod 1348 0x0000023f3ce51090 code [0x0000023f3ce51240, 0x0000023f3ce51358]
Event: 2.417 Thread 0x0000023f4c7f8800 1349       1       java.lang.invoke.SimpleMethodHandle::fieldCount (2 bytes)
Event: 2.417 Thread 0x0000023f4c7f8800 nmethod 1349 0x0000023f3ce51410 code [0x0000023f3ce515c0, 0x0000023f3ce516d8]
Event: 2.421 Thread 0x0000023f4c7f6800 nmethod 1342 0x0000023f3ce51790 code [0x0000023f3ce519a0, 0x0000023f3ce52c78]
Event: 2.421 Thread 0x0000023f4c7f6800 1345       4       java.nio.MappedByteBuffer::rewind (5 bytes)
Event: 2.422 Thread 0x0000023f4c7f6800 nmethod 1345 0x0000023f3ce53590 code [0x0000023f3ce53720, 0x0000023f3ce53798]

GC Heap History (4 events):
Event: 1.911 GC heap before
{Heap before GC invocations=0 (full 0):
 garbage-first heap   total 131072K, used 20480K [0x0000000081800000, 0x0000000081900400, 0x0000000100000000)
  region size 1024K, 14 young (14336K), 0 survivors (0K)
 Metaspace       used 13288K, capacity 14194K, committed 14464K, reserved 1062912K
  class space    used 1632K, capacity 1815K, committed 1920K, reserved 1048576K
}
Event: 1.916 GC heap after
{Heap after GC invocations=1 (full 0):
 garbage-first heap   total 131072K, used 4251K [0x0000000081800000, 0x0000000081900400, 0x0000000100000000)
  region size 1024K, 2 young (2048K), 2 survivors (2048K)
 Metaspace       used 13288K, capacity 14194K, committed 14464K, reserved 1062912K
  class space    used 1632K, capacity 1815K, committed 1920K, reserved 1048576K
}
Event: 2.078 GC heap before
{Heap before GC invocations=1 (full 0):
 garbage-first heap   total 131072K, used 8347K [0x0000000081800000, 0x0000000081900400, 0x0000000100000000)
  region size 1024K, 6 young (6144K), 2 survivors (2048K)
 Metaspace       used 14504K, capacity 15500K, committed 15616K, reserved 1062912K
  class space    used 1839K, capacity 2043K, committed 2048K, reserved 1048576K
}
Event: 2.083 GC heap after
{Heap after GC invocations=2 (full 0):
 garbage-first heap   total 131072K, used 5423K [0x0000000081800000, 0x0000000081900400, 0x0000000100000000)
  region size 1024K, 1 young (1024K), 1 survivors (1024K)
 Metaspace       used 14504K, capacity 15500K, committed 15616K, reserved 1062912K
  class space    used 1839K, capacity 2043K, committed 2048K, reserved 1048576K
}

Deoptimization events (10 events):
Event: 2.020 Thread 0x0000023f4d69e000 Uncommon trap: reason=bimorphic_or_optimized_type_check action=maybe_recompile pc=0x0000023f3ce1831c method=java.util.concurrent.ConcurrentHashMap.get(Ljava/lang/Object;)Ljava/lang/Object; @ 149 c2
Event: 2.030 Thread 0x0000023f4d69e000 Uncommon trap: reason=unstable_if action=reinterpret pc=0x0000023f3ce0dbf4 method=java.lang.StringUTF16.compress([CI[BII)I @ 20 c2
Event: 2.031 Thread 0x0000023f4d69e000 Uncommon trap: reason=unstable_if action=reinterpret pc=0x0000023f3ce3746c method=java.lang.String.startsWith(Ljava/lang/String;I)Z @ 46 c2
Event: 2.091 Thread 0x0000023f4d69e000 Uncommon trap: reason=unstable_if action=reinterpret pc=0x0000023f3ce26fb8 method=java.lang.ref.ReferenceQueue.poll()Ljava/lang/ref/Reference; @ 4 c2
Event: 2.182 Thread 0x0000023f4d69e000 Uncommon trap: reason=unstable_if action=reinterpret pc=0x0000023f3ce34f54 method=java.io.ByteArrayInputStream.read()I @ 8 c2
Event: 2.235 Thread 0x0000023f4d69e000 Uncommon trap: reason=unstable_if action=reinterpret pc=0x0000023f3ce389d4 method=java.util.HashMap.hash(Ljava/lang/Object;)I @ 1 c2
Event: 2.239 Thread 0x0000023f4d69e000 Uncommon trap: reason=unstable_if action=reinterpret pc=0x0000023f3cdd9a28 method=java.util.HashMap.hash(Ljava/lang/Object;)I @ 1 c2
Event: 2.249 Thread 0x0000023f4d69e000 Uncommon trap: reason=intrinsic_or_type_checked_inlining action=make_not_entrant pc=0x0000023f3ce2eee4 method=java.util.Arrays.copyOf([Ljava/lang/Object;ILjava/lang/Class;)[Ljava/lang/Object; @ 36 c2
Event: 2.298 Thread 0x0000023f4d69e000 Uncommon trap: reason=unstable_if action=reinterpret pc=0x0000023f3ce4020c method=java.util.Arrays.equals([Ljava/lang/Object;[Ljava/lang/Object;)Z @ 23 c2
Event: 2.308 Thread 0x0000023f4d69e000 Uncommon trap: reason=unstable_if action=reinterpret pc=0x0000023f3ce1b1b8 method=java.nio.Buffer.position(I)Ljava/nio/Buffer; @ 45 c2

Classes redefined (0 events):
No events

Internal exceptions (10 events):
Event: 1.651 Thread 0x0000023f4d69e000 Exception <a 'java/lang/NullPointerException'{0x0000000088d99c80}> (0x0000000088d99c80) thrown at [t:/workspace/hotspot/src/share/vm/prims/jvm.cpp, line 1314]
Event: 1.680 Thread 0x0000023f4d69e000 Exception <a 'java/lang/NoSuchMethodError'{0x0000000088dbc688}: java.lang.invoke.DirectMethodHandle$Holder.invokeInterface(Ljava/lang/Object;Ljava/lang/Object;Ljava/lang/Object;)I> (0x0000000088dbc688) thrown at [t:/workspace/hotspot/src/share/vm/interpre
Event: 1.685 Thread 0x0000023f4d69e000 Exception <a 'java/lang/NoSuchMethodError'{0x0000000088dc7ce8}: java.lang.invoke.DirectMethodHandle$Holder.invokeStatic(Ljava/lang/Object;Ljava/lang/Object;)I> (0x0000000088dc7ce8) thrown at [t:/workspace/hotspot/src/share/vm/interpreter/linkResolver.cpp,
Event: 1.689 Thread 0x0000023f4d69e000 Exception <a 'java/lang/NoSuchMethodError'{0x0000000088dd4c50}: java.lang.Object.of([Ljava/lang/Object;)Ljava/util/stream/Stream;> (0x0000000088dd4c50) thrown at [t:/workspace/hotspot/src/share/vm/interpreter/linkResolver.cpp, line 731]
Event: 1.744 Thread 0x0000023f4d69e000 Exception <a 'java/lang/NoSuchMethodError'{0x0000000088ce2028}: java.lang.invoke.DelegatingMethodHandle$Holder.reinvoke_L(Ljava/lang/Object;Ljava/lang/Object;ILjava/lang/Object;)Ljava/lang/Object;> (0x0000000088ce2028) thrown at [t:/workspace/hotspot/src/
Event: 1.995 Thread 0x0000023f4d69e000 Exception <a 'java/lang/NoSuchMethodError'{0x00000000895491d0}: java.lang.invoke.DirectMethodHandle$Holder.invokeStaticInit(Ljava/lang/Object;Ljava/lang/Object;)V> (0x00000000895491d0) thrown at [t:/workspace/hotspot/src/share/vm/interpreter/linkResolver.
Event: 2.117 Thread 0x0000023f4d69e000 Exception <a 'java/lang/NoSuchMethodError'{0x00000000897398a0}: java.lang.invoke.DirectMethodHandle$Holder.invokeSpecial(Ljava/lang/Object;Ljava/lang/Object;Ljava/lang/Object;Ljava/lang/Object;)V> (0x00000000897398a0) thrown at [t:/workspace/hotspot/src/s
Event: 2.235 Thread 0x0000023f4d69e000 Implicit null exception at 0x0000023f3ce387f5 to 0x0000023f3ce389c5
Event: 2.239 Thread 0x0000023f4d69e000 Implicit null exception at 0x0000023f3cdd99af to 0x0000023f3cdd9a19
Event: 2.377 Thread 0x0000023f4d69e000 Exception <a 'java/lang/NoSuchMethodError'{0x0000000089570910}: method resolution failed> (0x0000000089570910) thrown at [t:/workspace/hotspot/src/share/vm/prims/methodHandles.cpp, line 1256]

Events (10 events):
Event: 2.406 loading class com/sun/scenario/effect/impl/state/AccessHelper$StateAccessor
Event: 2.406 loading class com/sun/scenario/effect/impl/state/AccessHelper$StateAccessor done
Event: 2.414 loading class com/sun/glass/ui/View
Event: 2.414 loading class com/sun/glass/ui/View done
Event: 2.414 loading class com/sun/javafx/tk/quantum/WindowStage
Event: 2.414 loading class com/sun/javafx/tk/quantum/WindowStage done
Event: 2.418 loading class com/sun/javafx/tk/quantum/GlassViewEventHandler
Event: 2.418 loading class com/sun/javafx/tk/quantum/GlassViewEventHandler done
Event: 2.422 loading class com/sun/javafx/tk/quantum/GlassWindowEventHandler
Event: 2.422 loading class com/sun/javafx/tk/quantum/GlassWindowEventHandler done


Dynamic libraries:
0x00007ff6eb520000 - 0x00007ff6eb55e000 	C:\Program Files (x86)\java\bin\javaw.exe
0x00007ffa39f00000 - 0x00007ffa3a0f0000 	C:\WINDOWS\SYSTEM32\ntdll.dll
0x00007ffa38ff0000 - 0x00007ffa390a2000 	C:\WINDOWS\System32\KERNEL32.DLL
0x00007ffa36eb0000 - 0x00007ffa37153000 	C:\WINDOWS\System32\KERNELBASE.dll
0x00007ffa37fb0000 - 0x00007ffa38053000 	C:\WINDOWS\System32\ADVAPI32.dll
0x00007ffa390b0000 - 0x00007ffa3914e000 	C:\WINDOWS\System32\msvcrt.dll
0x00007ffa38910000 - 0x00007ffa389a7000 	C:\WINDOWS\System32\sechost.dll
0x00007ffa39da0000 - 0x00007ffa39ec0000 	C:\WINDOWS\System32\RPCRT4.dll
0x00007ffa39ba0000 - 0x00007ffa39d34000 	C:\WINDOWS\System32\USER32.dll
0x00007ffa37580000 - 0x00007ffa375a1000 	C:\WINDOWS\System32\win32u.dll
0x00007ffa381a0000 - 0x00007ffa381c6000 	C:\WINDOWS\System32\GDI32.dll
0x00007ffa37330000 - 0x00007ffa374c4000 	C:\WINDOWS\System32\gdi32full.dll
0x00007ffa37260000 - 0x00007ffa372fe000 	C:\WINDOWS\System32\msvcp_win.dll
0x00007ffa37160000 - 0x00007ffa3725a000 	C:\WINDOWS\System32\ucrtbase.dll
0x00007ffa25160000 - 0x00007ffa253e5000 	C:\WINDOWS\WinSxS\amd64_microsoft.windows.common-controls_6595b64144ccf1df_6.0.18362.720_none_e6beb5c51314836b\COMCTL32.dll
0x00007ffa385d0000 - 0x00007ffa38906000 	C:\WINDOWS\System32\combase.dll
0x00007ffa37de0000 - 0x00007ffa37e60000 	C:\WINDOWS\System32\bcryptPrimitives.dll
0x00007ffa24790000 - 0x00007ffa2479a000 	C:\WINDOWS\SYSTEM32\VERSION.dll
0x00007ffa38230000 - 0x00007ffa3825e000 	C:\WINDOWS\System32\IMM32.DLL
0x00007ffa28000000 - 0x00007ffa280ef000 	C:\Program Files (x86)\java\bin\msvcr120.dll
0x00007ffa27f50000 - 0x00007ffa27ff6000 	C:\Program Files (x86)\java\bin\msvcp120.dll
0x000000005dd90000 - 0x000000005e7b4000 	C:\Program Files (x86)\java\bin\server\jvm.dll
0x00007ffa389b0000 - 0x00007ffa389b8000 	C:\WINDOWS\System32\PSAPI.DLL
0x00007ffa329a0000 - 0x00007ffa329c4000 	C:\WINDOWS\SYSTEM32\WINMM.dll
0x00007ffa1fc20000 - 0x00007ffa1fc29000 	C:\WINDOWS\SYSTEM32\WSOCK32.dll
0x00007ffa38a40000 - 0x00007ffa38aaf000 	C:\WINDOWS\System32\WS2_32.dll
0x00007ffa32970000 - 0x00007ffa3299d000 	C:\WINDOWS\SYSTEM32\WINMMBASE.dll
0x00007ffa374d0000 - 0x00007ffa3751a000 	C:\WINDOWS\System32\cfgmgr32.dll
0x00007ffa32330000 - 0x00007ffa3233f000 	C:\Program Files (x86)\java\bin\verify.dll
0x00007ffa31c30000 - 0x00007ffa31c57000 	C:\Program Files (x86)\java\bin\java.dll
0x00007ffa2f0d0000 - 0x00007ffa2f0e6000 	C:\Program Files (x86)\java\bin\zip.dll
0x00007ffa2f770000 - 0x00007ffa2f77a000 	C:\Program Files (x86)\java\bin\jimage.dll
0x00007ffa394b0000 - 0x00007ffa39b95000 	C:\WINDOWS\System32\SHELL32.dll
0x00007ffa38f20000 - 0x00007ffa38fc9000 	C:\WINDOWS\System32\shcore.dll
0x00007ffa37660000 - 0x00007ffa37de0000 	C:\WINDOWS\System32\windows.storage.dll
0x00007ffa36e60000 - 0x00007ffa36e83000 	C:\WINDOWS\System32\profapi.dll
0x00007ffa36e10000 - 0x00007ffa36e5a000 	C:\WINDOWS\System32\powrprof.dll
0x00007ffa36dc0000 - 0x00007ffa36dd0000 	C:\WINDOWS\System32\UMPDC.dll
0x00007ffa39d40000 - 0x00007ffa39d92000 	C:\WINDOWS\System32\shlwapi.dll
0x00007ffa36dd0000 - 0x00007ffa36de1000 	C:\WINDOWS\System32\kernel.appcore.dll
0x00007ffa36e90000 - 0x00007ffa36ea7000 	C:\WINDOWS\System32\cryptsp.dll
0x00007ffa2ecb0000 - 0x00007ffa2ecca000 	C:\Program Files (x86)\java\bin\net.dll
0x00007ffa29ee0000 - 0x00007ffa29fd1000 	C:\WINDOWS\SYSTEM32\WINHTTP.dll
0x00007ffa36600000 - 0x00007ffa36667000 	C:\WINDOWS\system32\mswsock.dll
0x00007ffa27e40000 - 0x00007ffa27e51000 	C:\Program Files (x86)\java\bin\nio.dll
0x0000023f4cce0000 - 0x0000023f4cce3000 	C:\Program Files (x86)\java\bin\api-ms-win-core-console-l1-1-0.dll
0x0000023f4ccf0000 - 0x0000023f4ccf3000 	C:\Program Files (x86)\java\bin\api-ms-win-core-datetime-l1-1-0.dll
0x0000023f4cd00000 - 0x0000023f4cd03000 	C:\Program Files (x86)\java\bin\api-ms-win-core-debug-l1-1-0.dll
0x0000023f4cd10000 - 0x0000023f4cd13000 	C:\Program Files (x86)\java\bin\api-ms-win-core-errorhandling-l1-1-0.dll
0x0000023f4cd20000 - 0x0000023f4cd24000 	C:\Program Files (x86)\java\bin\api-ms-win-core-file-l1-1-0.dll
0x0000023f4cd30000 - 0x0000023f4cd33000 	C:\Program Files (x86)\java\bin\api-ms-win-core-file-l1-2-0.dll
0x0000023f4cd40000 - 0x0000023f4cd43000 	C:\Program Files (x86)\java\bin\api-ms-win-core-file-l2-1-0.dll
0x0000023f4cd50000 - 0x0000023f4cd53000 	C:\Program Files (x86)\java\bin\api-ms-win-core-handle-l1-1-0.dll
0x0000023f4cd60000 - 0x0000023f4cd63000 	C:\Program Files (x86)\java\bin\api-ms-win-core-heap-l1-1-0.dll
0x0000023f4cd70000 - 0x0000023f4cd73000 	C:\Program Files (x86)\java\bin\api-ms-win-core-interlocked-l1-1-0.dll
0x0000023f4cd80000 - 0x0000023f4cd83000 	C:\Program Files (x86)\java\bin\api-ms-win-core-libraryloader-l1-1-0.dll
0x0000023f4cd90000 - 0x0000023f4cd93000 	C:\Program Files (x86)\java\bin\api-ms-win-core-localization-l1-2-0.dll
0x0000023f4cda0000 - 0x0000023f4cda3000 	C:\Program Files (x86)\java\bin\api-ms-win-core-memory-l1-1-0.dll
0x0000023f4cdb0000 - 0x0000023f4cdb3000 	C:\Program Files (x86)\java\bin\api-ms-win-core-namedpipe-l1-1-0.dll
0x0000023f4cdc0000 - 0x0000023f4cdc3000 	C:\Program Files (x86)\java\bin\api-ms-win-core-processenvironment-l1-1-0.dll
0x0000023f4cdd0000 - 0x0000023f4cdd3000 	C:\Program Files (x86)\java\bin\api-ms-win-core-processthreads-l1-1-0.dll
0x0000023f4cde0000 - 0x0000023f4cde3000 	C:\Program Files (x86)\java\bin\api-ms-win-core-processthreads-l1-1-1.dll
0x0000023f4cdf0000 - 0x0000023f4cdf3000 	C:\Program Files (x86)\java\bin\api-ms-win-core-profile-l1-1-0.dll
0x0000023f4ce00000 - 0x0000023f4ce03000 	C:\Program Files (x86)\java\bin\api-ms-win-core-rtlsupport-l1-1-0.dll
0x0000023f4ce10000 - 0x0000023f4ce13000 	C:\Program Files (x86)\java\bin\api-ms-win-core-string-l1-1-0.dll
0x0000023f4ce20000 - 0x0000023f4ce23000 	C:\Program Files (x86)\java\bin\api-ms-win-core-synch-l1-1-0.dll
0x0000023f4ce30000 - 0x0000023f4ce33000 	C:\Program Files (x86)\java\bin\api-ms-win-core-synch-l1-2-0.dll
0x0000023f4ce40000 - 0x0000023f4ce43000 	C:\Program Files (x86)\java\bin\api-ms-win-core-sysinfo-l1-1-0.dll
0x0000023f4ce50000 - 0x0000023f4ce53000 	C:\Program Files (x86)\java\bin\api-ms-win-core-timezone-l1-1-0.dll
0x0000023f4ce60000 - 0x0000023f4ce63000 	C:\Program Files (x86)\java\bin\api-ms-win-core-util-l1-1-0.dll
0x0000023f4ce70000 - 0x0000023f4ce73000 	C:\Program Files (x86)\java\bin\api-ms-win-crt-conio-l1-1-0.dll
0x0000023f4ce80000 - 0x0000023f4ce84000 	C:\Program Files (x86)\java\bin\api-ms-win-crt-convert-l1-1-0.dll
0x0000023f4ce90000 - 0x0000023f4ce93000 	C:\Program Files (x86)\java\bin\api-ms-win-crt-environment-l1-1-0.dll
0x0000023f4cea0000 - 0x0000023f4cea3000 	C:\Program Files (x86)\java\bin\api-ms-win-crt-filesystem-l1-1-0.dll
0x0000023f4ceb0000 - 0x0000023f4ceb3000 	C:\Program Files (x86)\java\bin\api-ms-win-crt-heap-l1-1-0.dll
0x0000023f4cec0000 - 0x0000023f4cec3000 	C:\Program Files (x86)\java\bin\api-ms-win-crt-locale-l1-1-0.dll
0x0000023f4ced0000 - 0x0000023f4ced5000 	C:\Program Files (x86)\java\bin\api-ms-win-crt-math-l1-1-0.dll
0x0000023f4cee0000 - 0x0000023f4cee5000 	C:\Program Files (x86)\java\bin\api-ms-win-crt-multibyte-l1-1-0.dll
0x0000023f4cef0000 - 0x0000023f4cf00000 	C:\Program Files (x86)\java\bin\api-ms-win-crt-private-l1-1-0.dll
0x0000023f4cf00000 - 0x0000023f4cf03000 	C:\Program Files (x86)\java\bin\api-ms-win-crt-process-l1-1-0.dll
0x0000023f4cf10000 - 0x0000023f4cf14000 	C:\Program Files (x86)\java\bin\api-ms-win-crt-runtime-l1-1-0.dll
0x0000023f4cf20000 - 0x0000023f4cf24000 	C:\Program Files (x86)\java\bin\api-ms-win-crt-stdio-l1-1-0.dll
0x0000023f4cf30000 - 0x0000023f4cf34000 	C:\Program Files (x86)\java\bin\api-ms-win-crt-string-l1-1-0.dll
0x0000023f4cf40000 - 0x0000023f4cf43000 	C:\Program Files (x86)\java\bin\api-ms-win-crt-time-l1-1-0.dll
0x0000023f4cf50000 - 0x0000023f4cf53000 	C:\Program Files (x86)\java\bin\api-ms-win-crt-utility-l1-1-0.dll
0x00007ffa20aa0000 - 0x00007ffa20b96000 	C:\Program Files (x86)\java\bin\ucrtbase.dll
0x00007ffa32420000 - 0x00007ffa32436000 	C:\Program Files (x86)\java\bin\vcruntime140.dll
0x00007ffa20d80000 - 0x00007ffa20e1c000 	C:\Program Files (x86)\java\bin\msvcp140.dll
0x00007ffa28120000 - 0x00007ffa28171000 	C:\Program Files (x86)\java\bin\concrt140.dll
0x00007ffa27e80000 - 0x00007ffa27ea3000 	C:\Program Files (x86)\java\bin\prism_d3d.dll
0x00007ff9f9180000 - 0x00007ff9f9347000 	C:\WINDOWS\system32\d3d9.dll
0x00007ffa34f80000 - 0x00007ffa34fad000 	C:\WINDOWS\SYSTEM32\dwmapi.dll
0x00007ffa35a00000 - 0x00007ffa35a20000 	C:\WINDOWS\SYSTEM32\dxcore.dll
0x00007ffa34560000 - 0x00007ffa345f9000 	C:\WINDOWS\system32\uxtheme.dll
0x00007ffa1b9a0000 - 0x00007ffa1bb77000 	C:\WINDOWS\System32\DriverStore\FileRepository\k127153.inf_amd64_3f3936d8dec668b8\igdumdim64.dll
0x00007ff9d3d30000 - 0x00007ff9d6d2d000 	C:\WINDOWS\System32\DriverStore\FileRepository\k127153.inf_amd64_3f3936d8dec668b8\igd9dxva64.dll
0x00007ffa38260000 - 0x00007ffa383b7000 	C:\WINDOWS\System32\ole32.dll
0x00007ffa383c0000 - 0x00007ffa38484000 	C:\WINDOWS\System32\OLEAUT32.dll
0x00007ffa23e50000 - 0x00007ffa23e9a000 	C:\Program Files (x86)\java\bin\glass.dll
0x00007ffa380d0000 - 0x00007ffa381a0000 	C:\WINDOWS\System32\COMDLG32.dll
0x00007ffa38490000 - 0x00007ffa385c6000 	C:\WINDOWS\System32\MSCTF.dll
0x00007ffa2a6c0000 - 0x00007ffa2c455000 	C:\WINDOWS\System32\DriverStore\FileRepository\k127153.inf_amd64_3f3936d8dec668b8\igc64.dll
0x00007ffa25670000 - 0x00007ffa25684000 	C:\Program Files (x86)\java\bin\javafx_font.dll
0x00007ffa1dcb0000 - 0x00007ffa1de49000 	C:\Program Files (x86)\java\bin\awt.dll
0x00007ffa32d90000 - 0x00007ffa33350000 	C:\WINDOWS\SYSTEM32\d2d1.dll
0x00007ffa34490000 - 0x00007ffa3451f000 	C:\WINDOWS\SYSTEM32\apphelp.dll
0x00007ffa1dc10000 - 0x00007ffa1dcad000 	C:\Program Files (x86)\java\bin\fontmanager.dll
0x00007ffa26290000 - 0x00007ffa2658e000 	C:\WINDOWS\SYSTEM32\dwrite.dll
0x00007ffa393e0000 - 0x00007ffa39482000 	C:\WINDOWS\System32\clbcatq.dll
0x00007ffa30ce0000 - 0x00007ffa30e8f000 	C:\WINDOWS\SYSTEM32\WindowsCodecs.dll
0x00007ffa12d60000 - 0x00007ffa12d9a000 	C:\WINDOWS\system32\dataexchange.dll
0x00007ffa33a40000 - 0x00007ffa33c1b000 	C:\WINDOWS\system32\dcomp.dll
0x00007ffa33380000 - 0x00007ffa335db000 	C:\WINDOWS\system32\d3d11.dll
0x00007ffa35a90000 - 0x00007ffa35b7b000 	C:\WINDOWS\system32\dxgi.dll
0x00007ffa34b40000 - 0x00007ffa34d9a000 	C:\WINDOWS\system32\twinapi.appcore.dll
0x00007ffa350e0000 - 0x00007ffa35109000 	C:\WINDOWS\system32\RMCLIENT.dll
0x00007ffa20ba0000 - 0x00007ffa20bd3000 	C:\Program Files\Common Files\Microsoft Shared\Ink\rtscom.dll
0x00007ffa27940000 - 0x00007ffa279de000 	C:\WINDOWS\System32\TextInputFramework.dll
0x00007ffa30f70000 - 0x00007ffa3129a000 	C:\WINDOWS\System32\CoreUIComponents.dll
0x00007ffa33c20000 - 0x00007ffa33cf4000 	C:\WINDOWS\System32\CoreMessaging.dll
0x00007ffa35df0000 - 0x00007ffa35e21000 	C:\WINDOWS\SYSTEM32\ntmarta.dll
0x00007ffa32aa0000 - 0x00007ffa32bf3000 	C:\WINDOWS\SYSTEM32\wintypes.dll
0x00007ffa28b00000 - 0x00007ffa28da6000 	C:\WINDOWS\System32\iertutil.dll
0x00007ffa0ae60000 - 0x00007ffa0b04d000 	C:\WINDOWS\system32\SogouTSF.ime
0x00007ffa227e0000 - 0x00007ffa227e7000 	C:\WINDOWS\system32\MSIMG32.dll
0x00007ffa0a580000 - 0x00007ffa0ae13000 	C:\WINDOWS\system32\SogouPy.ime
0x00007ffa20a20000 - 0x00007ffa20a85000 	C:\WINDOWS\SYSTEM32\OLEACC.dll
0x00007ffa356d0000 - 0x00007ffa358c4000 	C:\WINDOWS\SYSTEM32\dbghelp.dll

VM Arguments:
jvm_args: -Dfile.encoding=GBK 
java_command: application.Main
java_class_path (initial): E:\Interface\ProjetInterfaceV3\Version4\bin;E:\Interface\ProjetInterfaceV3\jfoenix-9.0.8.jar
Launcher Type: SUN_STANDARD

Logging:
Log output configuration:
#0: stdout all=warning uptime,level,tags
#1: stderr all=off uptime,level,tags

Environment Variables:
JAVA_HOME=C:\Program Files\Java\jdk-13.0.2
CLASSPATH=.;C:\Program Files\Java\jdk-13.0.2\bin;C:\Program Files\Java\jdk-13.0.2\lib\dt.jar;C:\Program Files\Java\jdk-13.0.2\lib\tools.jar;
PATH=C:\Users\Oracle\product\11.2.0\dbhome_1\bin;C:\Users\zxs\Oracle\product\11.2.0\dbhome_1\bin;C:\ProgramData\Oracle\Java\javapath;C:\Program Files (x86)\Common Files\Oracle\Java\javapath;C:\Program Files (x86)\Intel\iCLS Client\;C:\Program Files\Intel\iCLS Client\;C:\Program Files\Java\jdk-13.0.2\bin;C:\Program Files\Java\jdk-13.0.2\jre\bin;C:\WINDOWS\system32;C:\WINDOWS;C:\WINDOWS\System32\Wbem;C:\WINDOWS\System32\WindowsPowerShell\v1.0\;C:\WINDOWS\System32\OpenSSH\;D:\mysql\mysql-8.0.12-winx64\bin;D:\Xampp\php;D:\Xampp\php\php.exe;E:\SQLite;C:\Program Files (x86)\Intel\Intel(R) Management Engine Components\DAL;C:\Program Files\Intel\Intel(R) Management Engine Components\DAL;C:\Program Files (x86)\Intel\Intel(R) Management Engine Components\IPT;C:\Program Files\Intel\Intel(R) Management Engine Components\IPT;D:\xam\php;C:\composer;D:\Node\;C:\Program Files\Git\cmd;E:\Android\platform-tools;C:\MinGW\bin;C:\Program Files\Intel\WiFi\bin\;C:\Program Files\Common Files\Intel\WirelessCommon\;d:\xampp\mysql\bin\mysqld.exe --defaults-file=d:\xampp\mysql\bin\my.ini mysql;E:\Microsoft VS Code\bin;C:\Users\zxs\AppData\Roaming\Composer\vendor\bin;C:\Users\zxs\AppData\Roaming\npm;D:\xam\mysql\bin;E:\Android\platform-tools\;C:\Users\zxs\AppData\Local\Microsoft\WindowsApps;C:\Program Files\Java\apache-maven-3.6.3\bin
USERNAME=Olivier
OS=Windows_NT
PROCESSOR_IDENTIFIER=Intel64 Family 6 Model 142 Stepping 9, GenuineIntel



---------------  S Y S T E M  ---------------

OS: Windows 10 , 64 bit Build 18362 (10.0.18362.329)

CPU:total 4 (initial active 4) (2 cores per cpu, 2 threads per core) family 6 model 142 stepping 9, cmov, cx8, fxsr, mmx, sse, sse2, sse3, ssse3, sse4.1, sse4.2, popcnt, avx, avx2, aes, clmul, erms, 3dnowpref, lzcnt, ht, tsc, tscinvbit, bmi1, bmi2, adx, fma

Memory: 4k page, physical 8283776k(1552244k free), swap 13403776k(8692k free)

vm_info: Java HotSpot(TM) 64-Bit Server VM (9.0.1+11) for windows-amd64 JRE (9.0.1+11), built on Sep 28 2017 04:54:03 by "mach5one" with MS VC++ 12.0 (VS2013)

END.
