#
# There is insufficient memory for the Java Runtime Environment to continue.
# Native memory allocation (mmap) failed to map 1988100096 bytes for Failed to commit area from 0x0000000089800000 to 0x0000000100000000 of length 1988100096.
# Possible reasons:
#   The system is out of physical RAM or swap space
#   The process is running with CompressedOops enabled, and the Java Heap may be blocking the growth of the native heap
# Possible solutions:
#   Reduce memory load on the system
#   Increase physical memory or swap space
#   Check if swap backing store is full
#   Decrease Java heap size (-Xmx/-Xms)
#   Decrease number of Java threads
#   Decrease Java thread stack sizes (-Xss)
#   Set larger code cache with -XX:ReservedCodeCacheSize=
#   JVM is running with Unscaled Compressed Oops mode in which the Java heap is
#     placed in the first 4GB address space. The Java Heap base address is the
#     maximum limit for the native heap growth. Please use -XX:HeapBaseMinAddress
#     to set the Java Heap base and to place the Java Heap above 4GB virtual address.
# This output file may be truncated or incomplete.
#
#  Out of Memory Error (t:/workspace/hotspot/src/os/windows/vm/os_windows.cpp:3357), pid=9156, tid=19212
#
# JRE version: Java(TM) SE Runtime Environment (9.0+11) (build 9.0.1+11)
# Java VM: Java HotSpot(TM) 64-Bit Server VM (9.0.1+11, mixed mode, tiered, compressed oops, g1 gc, windows-amd64)
# No core dump will be written. Minidumps are not enabled by default on client versions of Windows
#

---------------  S U M M A R Y ------------

Command Line: -Dfile.encoding=GBK application.Main

Host: Intel(R) Core(TM) i7-7500U CPU @ 2.70GHz, 4 cores, 7G,  Windows 10 , 64 bit Build 18362 (10.0.18362.329)
Time: Wed Apr 15 18:22:49 2020 ?¡Â?¡¤??¨¢?¨º¡À elapsed time: 8 seconds (0d 0h 0m 8s)

---------------  T H R E A D  ---------------

Current thread (0x000002125efea800):  JavaThread "JavaFX Application Thread" [_thread_in_vm, id=19212, stack(0x000000fcb8200000,0x000000fcb8300000)]

Stack: [0x000000fcb8200000,0x000000fcb8300000]
Native frames: (J=compiled Java code, j=interpreted, Vv=VM code, C=native code)
V  [jvm.dll+0x5870b8]
V  [jvm.dll+0x69c0ee]
V  [jvm.dll+0x69d00a]
V  [jvm.dll+0x69d643]
V  [jvm.dll+0x21d148]
V  [jvm.dll+0x584bf4]
V  [jvm.dll+0x57a005]
V  [jvm.dll+0x2cd46b]
V  [jvm.dll+0x2cd3d3]
V  [jvm.dll+0x2cd2a2]
V  [jvm.dll+0x2cf2a3]
V  [jvm.dll+0x319203]
V  [jvm.dll+0x319916]
V  [jvm.dll+0x319303]
V  [jvm.dll+0x2ae422]
V  [jvm.dll+0x2a9d74]
V  [jvm.dll+0x2af583]
V  [jvm.dll+0xb4796]
V  [jvm.dll+0xb45ed]
V  [jvm.dll+0x679b93]
V  [jvm.dll+0x33812f]
C  0x0000021247478214

Java frames: (J=compiled Java code, j=interpreted, Vv=VM code)
j  Controller.Enregistrer.OpenFile()V+46
j  Controller.MainController.OpenFromFileJson(Ljavafx/event/ActionEvent;)V+4
v  ~StubRoutines::call_stub
j  jdk.internal.reflect.NativeMethodAccessorImpl.invoke0(Ljava/lang/reflect/Method;Ljava/lang/Object;[Ljava/lang/Object;)Ljava/lang/Object;+0 java.base@9.0.1
j  jdk.internal.reflect.NativeMethodAccessorImpl.invoke(Ljava/lang/Object;[Ljava/lang/Object;)Ljava/lang/Object;+100 java.base@9.0.1
J 1155 c1 jdk.internal.reflect.DelegatingMethodAccessorImpl.invoke(Ljava/lang/Object;[Ljava/lang/Object;)Ljava/lang/Object; java.base@9.0.1 (10 bytes) @ 0x0000021247c003bc [0x0000021247c002c0+0x00000000000000fc]
J 1154 c1 java.lang.reflect.Method.invoke(Ljava/lang/Object;[Ljava/lang/Object;)Ljava/lang/Object; java.base@9.0.1 (65 bytes) @ 0x0000021247bffe24 [0x0000021247bffa00+0x0000000000000424]
j  com.sun.javafx.reflect.Trampoline.invoke(Ljava/lang/reflect/Method;Ljava/lang/Object;[Ljava/lang/Object;)Ljava/lang/Object;+7
j  jdk.internal.reflect.GeneratedMethodAccessor2.invoke(Ljava/lang/Object;[Ljava/lang/Object;)Ljava/lang/Object;+40
J 1155 c1 jdk.internal.reflect.DelegatingMethodAccessorImpl.invoke(Ljava/lang/Object;[Ljava/lang/Object;)Ljava/lang/Object; java.base@9.0.1 (10 bytes) @ 0x0000021247c003bc [0x0000021247c002c0+0x00000000000000fc]
J 1154 c1 java.lang.reflect.Method.invoke(Ljava/lang/Object;[Ljava/lang/Object;)Ljava/lang/Object; java.base@9.0.1 (65 bytes) @ 0x0000021247bffe24 [0x0000021247bffa00+0x0000000000000424]
j  com.sun.javafx.reflect.MethodUtil.invoke(Ljava/lang/reflect/Method;Ljava/lang/Object;[Ljava/lang/Object;)Ljava/lang/Object;+20 javafx.base@9.0.1
j  com.sun.javafx.fxml.MethodHelper.invoke(Ljava/lang/reflect/Method;Ljava/lang/Object;[Ljava/lang/Object;)Ljava/lang/Object;+142 javafx.fxml@9.0.1
j  javafx.fxml.FXMLLoader$MethodHandler.invoke([Ljava/lang/Object;)V+19 javafx.fxml@9.0.1
j  javafx.fxml.FXMLLoader$ControllerMethodEventHandler.handle(Ljavafx/event/Event;)V+12 javafx.fxml@9.0.1
j  com.sun.javafx.event.CompositeEventHandler.dispatchBubblingEvent(Ljavafx/event/Event;)V+51 javafx.base@9.0.1
J 2626 c1 com.sun.javafx.event.EventHandlerManager.dispatchBubblingEvent(Ljavafx/event/Event;)Ljavafx/event/Event; javafx.base@9.0.1 (23 bytes) @ 0x0000021247edd34c [0x0000021247edccc0+0x000000000000068c]
J 2360 c1 com.sun.javafx.event.BasicEventDispatcher.dispatchEvent(Ljavafx/event/Event;Ljavafx/event/EventDispatchChain;)Ljavafx/event/Event; javafx.base@9.0.1 (44 bytes) @ 0x0000021247e573ac [0x0000021247e57080+0x000000000000032c]
J 2310 c1 com.sun.javafx.event.EventDispatchChainImpl.dispatchEvent(Ljavafx/event/Event;)Ljavafx/event/Event; javafx.base@9.0.1 (101 bytes) @ 0x0000021247e40e0c [0x0000021247e40c60+0x00000000000001ac]
j  com.sun.javafx.event.EventUtil.fireEventImpl(Ljavafx/event/EventDispatchChain;Ljavafx/event/EventTarget;Ljavafx/event/Event;)Ljavafx/event/Event;+10 javafx.base@9.0.1
j  com.sun.javafx.event.EventUtil.fireEvent(Ljavafx/event/EventTarget;Ljavafx/event/Event;)Ljavafx/event/Event;+37 javafx.base@9.0.1
j  javafx.event.Event.fireEvent(Ljavafx/event/EventTarget;Ljavafx/event/Event;)V+30 javafx.base@9.0.1
j  javafx.scene.control.MenuItem.fire()V+10 javafx.controls@9.0.1
j  com.sun.javafx.scene.control.ContextMenuContent$MenuItemContainer.doSelect()V+97 javafx.controls@9.0.1
j  com.sun.javafx.scene.control.ContextMenuContent$MenuItemContainer.lambda$createChildren$12(Ljavafx/scene/input/MouseEvent;)V+1 javafx.controls@9.0.1
j  com.sun.javafx.scene.control.ContextMenuContent$MenuItemContainer$$Lambda$668.handle(Ljavafx/event/Event;)V+8 javafx.controls@9.0.1
j  com.sun.javafx.event.CompositeEventHandler$NormalEventHandlerRecord.handleBubblingEvent(Ljavafx/event/Event;)V+5 javafx.base@9.0.1
j  com.sun.javafx.event.CompositeEventHandler.dispatchBubblingEvent(Ljavafx/event/Event;)V+28 javafx.base@9.0.1
J 2626 c1 com.sun.javafx.event.EventHandlerManager.dispatchBubblingEvent(Ljavafx/event/Event;)Ljavafx/event/Event; javafx.base@9.0.1 (23 bytes) @ 0x0000021247edd34c [0x0000021247edccc0+0x000000000000068c]
J 2570 c1 com.sun.javafx.event.CompositeEventDispatcher.dispatchBubblingEvent(Ljavafx/event/Event;)Ljavafx/event/Event; javafx.base@9.0.1 (35 bytes) @ 0x0000021247eca614 [0x0000021247eca460+0x00000000000001b4]
J 2360 c1 com.sun.javafx.event.BasicEventDispatcher.dispatchEvent(Ljavafx/event/Event;Ljavafx/event/EventDispatchChain;)Ljavafx/event/Event; javafx.base@9.0.1 (44 bytes) @ 0x0000021247e573ac [0x0000021247e57080+0x000000000000032c]
J 2310 c1 com.sun.javafx.event.EventDispatchChainImpl.dispatchEvent(Ljavafx/event/Event;)Ljavafx/event/Event; javafx.base@9.0.1 (101 bytes) @ 0x0000021247e40e0c [0x0000021247e40c60+0x00000000000001ac]
J 2360 c1 com.sun.javafx.event.BasicEventDispatcher.dispatchEvent(Ljavafx/event/Event;Ljavafx/event/EventDispatchChain;)Ljavafx/event/Event; javafx.base@9.0.1 (44 bytes) @ 0x0000021247e572c4 [0x0000021247e57080+0x0000000000000244]
J 2310 c1 com.sun.javafx.event.EventDispatchChainImpl.dispatchEvent(Ljavafx/event/Event;)Ljavafx/event/Event; javafx.base@9.0.1 (101 bytes) @ 0x0000021247e40e0c [0x0000021247e40c60+0x00000000000001ac]
J 2360 c1 com.sun.javafx.event.BasicEventDispatcher.dispatchEvent(Ljavafx/event/Event;Ljavafx/event/EventDispatchChain;)Ljavafx/event/Event; javafx.base@9.0.1 (44 bytes) @ 0x0000021247e572c4 [0x0000021247e57080+0x0000000000000244]
J 2310 c1 com.sun.javafx.event.EventDispatchChainImpl.dispatchEvent(Ljavafx/event/Event;)Ljavafx/event/Event; javafx.base@9.0.1 (101 bytes) @ 0x0000021247e40e0c [0x0000021247e40c60+0x00000000000001ac]
J 2360 c1 com.sun.javafx.event.BasicEventDispatcher.dispatchEvent(Ljavafx/event/Event;Ljavafx/event/EventDispatchChain;)Ljavafx/event/Event; javafx.base@9.0.1 (44 bytes) @ 0x0000021247e572c4 [0x0000021247e57080+0x0000000000000244]
J 2310 c1 com.sun.javafx.event.EventDispatchChainImpl.dispatchEvent(Ljavafx/event/Event;)Ljavafx/event/Event; javafx.base@9.0.1 (101 bytes) @ 0x0000021247e40e0c [0x0000021247e40c60+0x00000000000001ac]
j  com.sun.javafx.event.EventUtil.fireEventImpl(Ljavafx/event/EventDispatchChain;Ljavafx/event/EventTarget;Ljavafx/event/Event;)Ljavafx/event/Event;+10 javafx.base@9.0.1
j  com.sun.javafx.event.EventUtil.fireEvent(Ljavafx/event/EventTarget;Ljavafx/event/Event;)Ljavafx/event/Event;+46 javafx.base@9.0.1
j  javafx.event.Event.fireEvent(Ljavafx/event/EventTarget;Ljavafx/event/Event;)V+30 javafx.base@9.0.1
j  javafx.scene.Scene$MouseHandler.process(Ljavafx/scene/input/MouseEvent;Z)V+491 javafx.graphics@9.0.1
j  javafx.scene.Scene$MouseHandler.access$1300(Ljavafx/scene/Scene$MouseHandler;Ljavafx/scene/input/MouseEvent;Z)V+3 javafx.graphics@9.0.1
j  javafx.scene.Scene.processMouseEvent(Ljavafx/scene/input/MouseEvent;)V+6 javafx.graphics@9.0.1
j  javafx.scene.Scene$ScenePeerListener.mouseEvent(Ljavafx/event/EventType;DDDDLjavafx/scene/input/MouseButton;ZZZZZZZZZ)V+46 javafx.graphics@9.0.1
j  com.sun.javafx.tk.quantum.GlassViewEventHandler$MouseEventNotification.run()Ljava/lang/Void;+582 javafx.graphics@9.0.1
j  com.sun.javafx.tk.quantum.GlassViewEventHandler$MouseEventNotification.run()Ljava/lang/Object;+1 javafx.graphics@9.0.1
v  ~StubRoutines::call_stub
J 2625  java.security.AccessController.doPrivileged(Ljava/security/PrivilegedAction;Ljava/security/AccessControlContext;)Ljava/lang/Object; java.base@9.0.1 (0 bytes) @ 0x000002124f055646 [0x000002124f0555e0+0x0000000000000066]
j  com.sun.javafx.tk.quantum.GlassViewEventHandler.lambda$handleMouseEvent$2()Ljava/lang/Void;+11 javafx.graphics@9.0.1
j  com.sun.javafx.tk.quantum.GlassViewEventHandler$$Lambda$642.get()Ljava/lang/Object;+4 javafx.graphics@9.0.1
j  com.sun.javafx.tk.quantum.QuantumToolkit.runWithoutRenderLock(Ljava/util/function/Supplier;)Ljava/lang/Object;+18 javafx.graphics@9.0.1
j  com.sun.javafx.tk.quantum.GlassViewEventHandler.handleMouseEvent(Lcom/sun/glass/ui/View;JIIIIIIIZZ)V+103 javafx.graphics@9.0.1
j  com.sun.glass.ui.View.handleMouseEvent(JIIIIIIIZZ)V+30 javafx.graphics@9.0.1
j  com.sun.glass.ui.View.notifyMouse(IIIIIIIZZ)V+181 javafx.graphics@9.0.1
v  ~StubRoutines::call_stub
j  com.sun.glass.ui.win.WinApplication._runLoop(Ljava/lang/Runnable;)V+0 javafx.graphics@9.0.1
j  com.sun.glass.ui.win.WinApplication.lambda$runLoop$3(ILjava/lang/Runnable;)V+8 javafx.graphics@9.0.1
j  com.sun.glass.ui.win.WinApplication$$Lambda$49.run()V+12 javafx.graphics@9.0.1
j  java.lang.Thread.run()V+11 java.base@9.0.1
v  ~StubRoutines::call_stub

---------------  P R O C E S S  ---------------

Java Threads: ( => current thread )
  0x000002126e7f3000 JavaThread "Prism Font Disposer" daemon [_thread_blocked, id=18524, stack(0x000000fcb8d00000,0x000000fcb8e00000)]
  0x000002125f62b800 JavaThread "Java2D Disposer" daemon [_thread_blocked, id=10284, stack(0x000000fcb8800000,0x000000fcb8900000)]
  0x0000021265ff1000 JavaThread "Thread-2" daemon [_thread_in_native, id=17756, stack(0x000000fcb8600000,0x000000fcb8700000)]
  0x000002125f5d9000 JavaThread "JavaFX-Launcher" [_thread_blocked, id=15812, stack(0x000000fcb8700000,0x000000fcb8800000)]
=>0x000002125efea800 JavaThread "JavaFX Application Thread" [_thread_in_vm, id=19212, stack(0x000000fcb8200000,0x000000fcb8300000)]
  0x000002125f0dc000 JavaThread "InvokeLaterDispatcher" daemon [_thread_blocked, id=16448, stack(0x000000fcb8100000,0x000000fcb8200000)]
  0x000002125ef66800 JavaThread "QuantumRenderer-0" daemon [_thread_blocked, id=13608, stack(0x000000fcb8000000,0x000000fcb8100000)]
  0x000002125ea0b800 JavaThread "Service Thread" daemon [_thread_blocked, id=12344, stack(0x000000fcb7e00000,0x000000fcb7f00000)]
  0x000002125e886800 JavaThread "Common-Cleaner" daemon [_thread_blocked, id=9044, stack(0x000000fcb7d00000,0x000000fcb7e00000)]
  0x000002125e84e800 JavaThread "Sweeper thread" daemon [_thread_blocked, id=16868, stack(0x000000fcb7c00000,0x000000fcb7d00000)]
  0x000002125e7fa000 JavaThread "C1 CompilerThread2" daemon [_thread_blocked, id=15788, stack(0x000000fcb7b00000,0x000000fcb7c00000)]
  0x000002125e7d9800 JavaThread "C2 CompilerThread1" daemon [_thread_blocked, id=764, stack(0x000000fcb7a00000,0x000000fcb7b00000)]
  0x000002125e7d1000 JavaThread "C2 CompilerThread0" daemon [_thread_blocked, id=3768, stack(0x000000fcb7900000,0x000000fcb7a00000)]
  0x000002125e7cf000 JavaThread "Attach Listener" daemon [_thread_blocked, id=18128, stack(0x000000fcb7800000,0x000000fcb7900000)]
  0x000002125e7ce000 JavaThread "Signal Dispatcher" daemon [_thread_blocked, id=6552, stack(0x000000fcb7700000,0x000000fcb7800000)]
  0x000002125e770800 JavaThread "Finalizer" daemon [_thread_blocked, id=13204, stack(0x000000fcb7600000,0x000000fcb7700000)]
  0x000002125e741800 JavaThread "Reference Handler" daemon [_thread_blocked, id=18416, stack(0x000000fcb7500000,0x000000fcb7600000)]
  0x000002123eb65000 JavaThread "main" [_thread_blocked, id=15488, stack(0x000000fcb6800000,0x000000fcb6900000)]

Other Threads:
  0x000002125e73e000 VMThread "VM Thread" [stack: 0x000000fcb7400000,0x000000fcb7500000] [id=9192]
  0x000002125ea0f800 WatcherThread [stack: 0x000000fcb7f00000,0x000000fcb8000000] [id=19868]
  0x000002123eb7c000 GCTaskThread "GC Thread#0" [stack: 0x000000fcb6900000,0x000000fcb6a00000] [id=15416]
  0x000002123eb7d800 GCTaskThread "GC Thread#1" [stack: 0x000000fcb6a00000,0x000000fcb6b00000] [id=19824]
  0x000002123eb80000 GCTaskThread "GC Thread#2" [stack: 0x000000fcb6b00000,0x000000fcb6c00000] [id=13420]
  0x000002123eb82000 GCTaskThread "GC Thread#3" [stack: 0x000000fcb6c00000,0x000000fcb6d00000] [id=14448]
  0x000002123ebfa000 ConcurrentGCThread "G1 Main Marker" [stack: 0x000000fcb7200000,0x000000fcb7300000] [id=17524]
  0x000002123ebfb000 ConcurrentGCThread "G1 Marker#0" [stack: 0x000000fcb7300000,0x000000fcb7400000] [id=15928]
  0x000002123eb8c800 ConcurrentGCThread "G1 Refine#0" [stack: 0x000000fcb7000000,0x000000fcb7100000] [id=7816]
  0x000002123eb8a800 ConcurrentGCThread "G1 Refine#1" [stack: 0x000000fcb6f00000,0x000000fcb7000000] [id=13276]
  0x000002123eb87000 ConcurrentGCThread "G1 Refine#2" [stack: 0x000000fcb6e00000,0x000000fcb6f00000] [id=16200]
  0x000002123eb83000 ConcurrentGCThread "G1 Refine#3" [stack: 0x000000fcb6d00000,0x000000fcb6e00000] [id=14024]
  0x000002123eb8f000 ConcurrentGCThread "G1 Young RemSet Sampling" [stack: 0x000000fcb7100000,0x000000fcb7200000] [id=3104]

Threads with active compile tasks:

VM state:not at safepoint (normal execution)

VM Mutex/Monitor currently owned by a thread:  ([mutex/lock_event])
[0x000002123eb5ef20] Heap_lock - owner thread: 0x000002125efea800

Heap address: 0x0000000081800000, size: 2024 MB, Compressed Oops mode: 32-bit
Narrow klass base: 0x0000000000000000, Narrow klass shift: 3
Compressed class space size: 1073741824 Address: 0x0000000100000000

Heap:
 garbage-first heap   total 2072576K, used 14101K [0x0000000081800000, 0x0000000081903f40, 0x0000000100000000)
  region size 1024K, 5 young (5120K), 5 survivors (5120K)
 Metaspace       used 23291K, capacity 26422K, committed 26496K, reserved 1071104K
  class space    used 3453K, capacity 3960K, committed 3968K, reserved 1048576K
Heap Regions: E=young(eden), S=young(survivor), O=old, HS=humongous(starts), HC=humongous(continues), CS=collection set, F=free, A=archive, TS=gc time stamp, AC=allocation context, TAMS=top-at-mark-start (previous, next)
|   0|0x0000000081800000, 0x0000000081900000, 0x0000000081900000|100%|HS|  |TS  0|AC  0|TAMS 0x0000000081800000, 0x0000000081900000|
|   1|0x0000000081900000, 0x0000000081a00000, 0x0000000081a00000|100%|HC|  |TS  0|AC  0|TAMS 0x0000000081900000, 0x0000000081a00000|
|   2|0x0000000081a00000, 0x0000000081b00000, 0x0000000081b00000|100%|HS|  |TS  0|AC  0|TAMS 0x0000000081a00000, 0x0000000081b00000|
|   3|0x0000000081b00000, 0x0000000081c00000, 0x0000000081c00000|100%|HC|  |TS  0|AC  0|TAMS 0x0000000081b00000, 0x0000000081c00000|
|   4|0x0000000081c00000, 0x0000000081d00000, 0x0000000081d00000|100%|HC|  |TS  0|AC  0|TAMS 0x0000000081c00000, 0x0000000081d00000|
|   5|0x0000000081d00000, 0x0000000081e00000, 0x0000000081e00000|100%| O|  |TS  0|AC  0|TAMS 0x0000000081e00000, 0x0000000081e00000|
|   6|0x0000000081e00000, 0x0000000081f00000, 0x0000000081f00000|100%| O|  |TS  0|AC  0|TAMS 0x0000000081f00000, 0x0000000081f00000|
|   7|0x0000000081f00000, 0x0000000082000000, 0x0000000082000000|100%| O|  |TS  0|AC  0|TAMS 0x0000000082000000, 0x0000000082000000|
|   8|0x0000000082000000, 0x0000000082100000, 0x0000000082100000|100%| O|  |TS  0|AC  0|TAMS 0x0000000082100000, 0x0000000082100000|
|   9|0x0000000082100000, 0x0000000082190400, 0x0000000082200000| 56%| O|  |TS  1|AC  0|TAMS 0x0000000082190400, 0x0000000082190400|
|  10|0x0000000082200000, 0x0000000082200000, 0x0000000082300000|  0%| F|  |TS  0|AC  0|TAMS 0x0000000082200000, 0x0000000082200000|
|  11|0x0000000082300000, 0x0000000082300000, 0x0000000082400000|  0%| F|  |TS  0|AC  0|TAMS 0x0000000082300000, 0x0000000082300000|
|  12|0x0000000082400000, 0x0000000082400000, 0x0000000082500000|  0%| F|  |TS  0|AC  0|TAMS 0x0000000082400000, 0x0000000082400000|
|  13|0x0000000082500000, 0x0000000082500000, 0x0000000082600000|  0%| F|  |TS  0|AC  0|TAMS 0x0000000082500000, 0x0000000082500000|
|  14|0x0000000082600000, 0x0000000082600000, 0x0000000082700000|  0%| F|  |TS  0|AC  0|TAMS 0x0000000082600000, 0x0000000082600000|
|  15|0x0000000082700000, 0x0000000082700000, 0x0000000082800000|  0%| F|  |TS  0|AC  0|TAMS 0x0000000082700000, 0x0000000082700000|
|  16|0x0000000082800000, 0x0000000082800000, 0x0000000082900000|  0%| F|  |TS  0|AC  0|TAMS 0x0000000082800000, 0x0000000082800000|
|  17|0x0000000082900000, 0x0000000082900000, 0x0000000082a00000|  0%| F|  |TS  0|AC  0|TAMS 0x0000000082900000, 0x0000000082900000|
|  18|0x0000000082a00000, 0x0000000082a00000, 0x0000000082b00000|  0%| F|  |TS  0|AC  0|TAMS 0x0000000082a00000, 0x0000000082a00000|
|  19|0x0000000082b00000, 0x0000000082b00000, 0x0000000082c00000|  0%| F|  |TS  0|AC  0|TAMS 0x0000000082b00000, 0x0000000082b00000|
|  20|0x0000000082c00000, 0x0000000082c00000, 0x0000000082d00000|  0%| F|  |TS  0|AC  0|TAMS 0x0000000082c00000, 0x0000000082c00000|
|  21|0x0000000082d00000, 0x0000000082d00000, 0x0000000082e00000|  0%| F|  |TS  0|AC  0|TAMS 0x0000000082d00000, 0x0000000082d00000|
|  22|0x0000000082e00000, 0x0000000082e00000, 0x0000000082f00000|  0%| F|  |TS  0|AC  0|TAMS 0x0000000082e00000, 0x0000000082e00000|
|  23|0x0000000082f00000, 0x0000000082f00000, 0x0000000083000000|  0%| F|  |TS  0|AC  0|TAMS 0x0000000082f00000, 0x0000000082f00000|
|  24|0x0000000083000000, 0x0000000083000000, 0x0000000083100000|  0%| F|  |TS  0|AC  0|TAMS 0x0000000083000000, 0x0000000083000000|
|  25|0x0000000083100000, 0x0000000083100000, 0x0000000083200000|  0%| F|  |TS  0|AC  0|TAMS 0x0000000083100000, 0x0000000083100000|
|  26|0x0000000083200000, 0x0000000083200000, 0x0000000083300000|  0%| F|  |TS  0|AC  0|TAMS 0x0000000083200000, 0x0000000083200000|
|  27|0x0000000083300000, 0x0000000083300000, 0x0000000083400000|  0%| F|  |TS  0|AC  0|TAMS 0x0000000083300000, 0x0000000083300000|
|  28|0x0000000083400000, 0x0000000083400000, 0x0000000083500000|  0%| F|  |TS  0|AC  0|TAMS 0x0000000083400000, 0x0000000083400000|
|  29|0x0000000083500000, 0x0000000083500000, 0x0000000083600000|  0%| F|  |TS  0|AC  0|TAMS 0x0000000083500000, 0x0000000083500000|
|  30|0x0000000083600000, 0x0000000083600000, 0x0000000083700000|  0%| F|  |TS  0|AC  0|TAMS 0x0000000083600000, 0x0000000083600000|
|  31|0x0000000083700000, 0x0000000083700000, 0x0000000083800000|  0%| F|  |TS  0|AC  0|TAMS 0x0000000083700000, 0x0000000083700000|
|  32|0x0000000083800000, 0x0000000083800000, 0x0000000083900000|  0%| F|  |TS  0|AC  0|TAMS 0x0000000083800000, 0x0000000083800000|
|  33|0x0000000083900000, 0x0000000083900000, 0x0000000083a00000|  0%| F|  |TS  0|AC  0|TAMS 0x0000000083900000, 0x0000000083900000|
|  34|0x0000000083a00000, 0x0000000083a00000, 0x0000000083b00000|  0%| F|  |TS  0|AC  0|TAMS 0x0000000083a00000, 0x0000000083a00000|
|  35|0x0000000083b00000, 0x0000000083b00000, 0x0000000083c00000|  0%| F|  |TS  0|AC  0|TAMS 0x0000000083b00000, 0x0000000083b00000|
|  36|0x0000000083c00000, 0x0000000083c00000, 0x0000000083d00000|  0%| F|  |TS  0|AC  0|TAMS 0x0000000083c00000, 0x0000000083c00000|
|  37|0x0000000083d00000, 0x0000000083d00000, 0x0000000083e00000|  0%| F|  |TS  0|AC  0|TAMS 0x0000000083d00000, 0x0000000083d00000|
|  38|0x0000000083e00000, 0x0000000083e00000, 0x0000000083f00000|  0%| F|  |TS  0|AC  0|TAMS 0x0000000083e00000, 0x0000000083e00000|
|  39|0x0000000083f00000, 0x0000000083f00000, 0x0000000084000000|  0%| F|  |TS  0|AC  0|TAMS 0x0000000083f00000, 0x0000000083f00000|
|  40|0x0000000084000000, 0x0000000084000000, 0x0000000084100000|  0%| F|  |TS  0|AC  0|TAMS 0x0000000084000000, 0x0000000084000000|
|  41|0x0000000084100000, 0x0000000084100000, 0x0000000084200000|  0%| F|  |TS  0|AC  0|TAMS 0x0000000084100000, 0x0000000084100000|
|  42|0x0000000084200000, 0x0000000084200000, 0x0000000084300000|  0%| F|  |TS  0|AC  0|TAMS 0x0000000084200000, 0x0000000084200000|
|  43|0x0000000084300000, 0x0000000084300000, 0x0000000084400000|  0%| F|  |TS  0|AC  0|TAMS 0x0000000084300000, 0x0000000084300000|
|  44|0x0000000084400000, 0x0000000084400000, 0x0000000084500000|  0%| F|  |TS  0|AC  0|TAMS 0x0000000084400000, 0x0000000084400000|
|  45|0x0000000084500000, 0x0000000084500000, 0x0000000084600000|  0%| F|  |TS  0|AC  0|TAMS 0x0000000084500000, 0x0000000084500000|
|  46|0x0000000084600000, 0x0000000084600000, 0x0000000084700000|  0%| F|  |TS  0|AC  0|TAMS 0x0000000084600000, 0x0000000084600000|
|  47|0x0000000084700000, 0x0000000084700000, 0x0000000084800000|  0%| F|  |TS  0|AC  0|TAMS 0x0000000084700000, 0x0000000084700000|
|  48|0x0000000084800000, 0x0000000084800000, 0x0000000084900000|  0%| F|  |TS  0|AC  0|TAMS 0x0000000084800000, 0x0000000084800000|
|  49|0x0000000084900000, 0x0000000084900000, 0x0000000084a00000|  0%| F|  |TS  0|AC  0|TAMS 0x0000000084900000, 0x0000000084900000|
|  50|0x0000000084a00000, 0x0000000084a00000, 0x0000000084b00000|  0%| F|  |TS  0|AC  0|TAMS 0x0000000084a00000, 0x0000000084a00000|
|  51|0x0000000084b00000, 0x0000000084b00000, 0x0000000084c00000|  0%| F|  |TS  0|AC  0|TAMS 0x0000000084b00000, 0x0000000084b00000|
|  52|0x0000000084c00000, 0x0000000084c00000, 0x0000000084d00000|  0%| F|  |TS  0|AC  0|TAMS 0x0000000084c00000, 0x0000000084c00000|
|  53|0x0000000084d00000, 0x0000000084d00000, 0x0000000084e00000|  0%| F|  |TS  0|AC  0|TAMS 0x0000000084d00000, 0x0000000084d00000|
|  54|0x0000000084e00000, 0x0000000084e00000, 0x0000000084f00000|  0%| F|  |TS  0|AC  0|TAMS 0x0000000084e00000, 0x0000000084e00000|
|  55|0x0000000084f00000, 0x0000000084f00000, 0x0000000085000000|  0%| F|  |TS  0|AC  0|TAMS 0x0000000084f00000, 0x0000000084f00000|
|  56|0x0000000085000000, 0x0000000085000000, 0x0000000085100000|  0%| F|  |TS  0|AC  0|TAMS 0x0000000085000000, 0x0000000085000000|
|  57|0x0000000085100000, 0x0000000085100000, 0x0000000085200000|  0%| F|  |TS  0|AC  0|TAMS 0x0000000085100000, 0x0000000085100000|
|  58|0x0000000085200000, 0x0000000085200000, 0x0000000085300000|  0%| F|  |TS  0|AC  0|TAMS 0x0000000085200000, 0x0000000085200000|
|  59|0x0000000085300000, 0x0000000085300000, 0x0000000085400000|  0%| F|  |TS  0|AC  0|TAMS 0x0000000085300000, 0x0000000085300000|
|  60|0x0000000085400000, 0x0000000085400000, 0x0000000085500000|  0%| F|  |TS  0|AC  0|TAMS 0x0000000085400000, 0x0000000085400000|
|  61|0x0000000085500000, 0x0000000085500000, 0x0000000085600000|  0%| F|  |TS  0|AC  0|TAMS 0x0000000085500000, 0x0000000085500000|
|  62|0x0000000085600000, 0x0000000085600000, 0x0000000085700000|  0%| F|  |TS  0|AC  0|TAMS 0x0000000085600000, 0x0000000085600000|
|  63|0x0000000085700000, 0x0000000085700000, 0x0000000085800000|  0%| F|  |TS  0|AC  0|TAMS 0x0000000085700000, 0x0000000085700000|
|  64|0x0000000085800000, 0x0000000085800000, 0x0000000085900000|  0%| F|  |TS  0|AC  0|TAMS 0x0000000085800000, 0x0000000085800000|
|  65|0x0000000085900000, 0x0000000085900000, 0x0000000085a00000|  0%| F|  |TS  0|AC  0|TAMS 0x0000000085900000, 0x0000000085900000|
|  66|0x0000000085a00000, 0x0000000085a00000, 0x0000000085b00000|  0%| F|  |TS  0|AC  0|TAMS 0x0000000085a00000, 0x0000000085a00000|
|  67|0x0000000085b00000, 0x0000000085b00000, 0x0000000085c00000|  0%| F|  |TS  0|AC  0|TAMS 0x0000000085b00000, 0x0000000085b00000|
|  68|0x0000000085c00000, 0x0000000085c00000, 0x0000000085d00000|  0%| F|  |TS  0|AC  0|TAMS 0x0000000085c00000, 0x0000000085c00000|
|  69|0x0000000085d00000, 0x0000000085d00000, 0x0000000085e00000|  0%| F|  |TS  0|AC  0|TAMS 0x0000000085d00000, 0x0000000085d00000|
|  70|0x0000000085e00000, 0x0000000085e00000, 0x0000000085f00000|  0%| F|  |TS  0|AC  0|TAMS 0x0000000085e00000, 0x0000000085e00000|
|  71|0x0000000085f00000, 0x0000000085f00000, 0x0000000086000000|  0%| F|  |TS  0|AC  0|TAMS 0x0000000085f00000, 0x0000000085f00000|
|  72|0x0000000086000000, 0x0000000086000000, 0x0000000086100000|  0%| F|  |TS  0|AC  0|TAMS 0x0000000086000000, 0x0000000086000000|
|  73|0x0000000086100000, 0x0000000086100000, 0x0000000086200000|  0%| F|  |TS  0|AC  0|TAMS 0x0000000086100000, 0x0000000086100000|
|  74|0x0000000086200000, 0x0000000086200000, 0x0000000086300000|  0%| F|  |TS  0|AC  0|TAMS 0x0000000086200000, 0x0000000086200000|
|  75|0x0000000086300000, 0x0000000086300000, 0x0000000086400000|  0%| F|  |TS  0|AC  0|TAMS 0x0000000086300000, 0x0000000086300000|
|  76|0x0000000086400000, 0x0000000086400000, 0x0000000086500000|  0%| F|  |TS  0|AC  0|TAMS 0x0000000086400000, 0x0000000086400000|
|  77|0x0000000086500000, 0x0000000086500000, 0x0000000086600000|  0%| F|  |TS  0|AC  0|TAMS 0x0000000086500000, 0x0000000086500000|
|  78|0x0000000086600000, 0x0000000086600000, 0x0000000086700000|  0%| F|  |TS  0|AC  0|TAMS 0x0000000086600000, 0x0000000086600000|
|  79|0x0000000086700000, 0x0000000086700000, 0x0000000086800000|  0%| F|  |TS  0|AC  0|TAMS 0x0000000086700000, 0x0000000086700000|
|  80|0x0000000086800000, 0x0000000086800000, 0x0000000086900000|  0%| F|  |TS  0|AC  0|TAMS 0x0000000086800000, 0x0000000086800000|
|  81|0x0000000086900000, 0x0000000086900000, 0x0000000086a00000|  0%| F|  |TS  0|AC  0|TAMS 0x0000000086900000, 0x0000000086900000|
|  82|0x0000000086a00000, 0x0000000086a00000, 0x0000000086b00000|  0%| F|  |TS  0|AC  0|TAMS 0x0000000086a00000, 0x0000000086a00000|
|  83|0x0000000086b00000, 0x0000000086b00000, 0x0000000086c00000|  0%| F|  |TS  0|AC  0|TAMS 0x0000000086b00000, 0x0000000086b00000|
|  84|0x0000000086c00000, 0x0000000086c00000, 0x0000000086d00000|  0%| F|  |TS  0|AC  0|TAMS 0x0000000086c00000, 0x0000000086c00000|
|  85|0x0000000086d00000, 0x0000000086d00000, 0x0000000086e00000|  0%| F|  |TS  0|AC  0|TAMS 0x0000000086d00000, 0x0000000086d00000|
|  86|0x0000000086e00000, 0x0000000086e00000, 0x0000000086f00000|  0%| F|  |TS  0|AC  0|TAMS 0x0000000086e00000, 0x0000000086e00000|
|  87|0x0000000086f00000, 0x0000000086f00000, 0x0000000087000000|  0%| F|  |TS  0|AC  0|TAMS 0x0000000086f00000, 0x0000000086f00000|
|  88|0x0000000087000000, 0x0000000087000000, 0x0000000087100000|  0%| F|  |TS  0|AC  0|TAMS 0x0000000087000000, 0x0000000087000000|
|  89|0x0000000087100000, 0x0000000087100000, 0x0000000087200000|  0%| F|  |TS  0|AC  0|TAMS 0x0000000087100000, 0x0000000087100000|
|  90|0x0000000087200000, 0x0000000087200000, 0x0000000087300000|  0%| F|  |TS  0|AC  0|TAMS 0x0000000087200000, 0x0000000087200000|
|  91|0x0000000087300000, 0x0000000087300000, 0x0000000087400000|  0%| F|  |TS  0|AC  0|TAMS 0x0000000087300000, 0x0000000087300000|
|  92|0x0000000087400000, 0x0000000087400000, 0x0000000087500000|  0%| F|  |TS  0|AC  0|TAMS 0x0000000087400000, 0x0000000087400000|
|  93|0x0000000087500000, 0x0000000087500000, 0x0000000087600000|  0%| F|  |TS  0|AC  0|TAMS 0x0000000087500000, 0x0000000087500000|
|  94|0x0000000087600000, 0x0000000087600000, 0x0000000087700000|  0%| F|  |TS  0|AC  0|TAMS 0x0000000087600000, 0x0000000087600000|
|  95|0x0000000087700000, 0x0000000087700000, 0x0000000087800000|  0%| F|  |TS  0|AC  0|TAMS 0x0000000087700000, 0x0000000087700000|
|  96|0x0000000087800000, 0x0000000087800000, 0x0000000087900000|  0%| F|  |TS  0|AC  0|TAMS 0x0000000087800000, 0x0000000087800000|
|  97|0x0000000087900000, 0x0000000087900000, 0x0000000087a00000|  0%| F|  |TS  0|AC  0|TAMS 0x0000000087900000, 0x0000000087900000|
|  98|0x0000000087a00000, 0x0000000087a00000, 0x0000000087b00000|  0%| F|  |TS  0|AC  0|TAMS 0x0000000087a00000, 0x0000000087a00000|
|  99|0x0000000087b00000, 0x0000000087b00000, 0x0000000087c00000|  0%| F|  |TS  0|AC  0|TAMS 0x0000000087b00000, 0x0000000087b00000|
| 100|0x0000000087c00000, 0x0000000087c00000, 0x0000000087d00000|  0%| F|  |TS  0|AC  0|TAMS 0x0000000087c00000, 0x0000000087c00000|
| 101|0x0000000087d00000, 0x0000000087d00000, 0x0000000087e00000|  0%| F|  |TS  0|AC  0|TAMS 0x0000000087d00000, 0x0000000087d00000|
| 102|0x0000000087e00000, 0x0000000087e00000, 0x0000000087f00000|  0%| F|  |TS  0|AC  0|TAMS 0x0000000087e00000, 0x0000000087e00000|
| 103|0x0000000087f00000, 0x0000000087f00000, 0x0000000088000000|  0%| F|  |TS  0|AC  0|TAMS 0x0000000087f00000, 0x0000000087f00000|
| 104|0x0000000088000000, 0x0000000088000000, 0x0000000088100000|  0%| F|  |TS  0|AC  0|TAMS 0x0000000088000000, 0x0000000088000000|
| 105|0x0000000088100000, 0x0000000088100000, 0x0000000088200000|  0%| F|  |TS  0|AC  0|TAMS 0x0000000088100000, 0x0000000088100000|
| 106|0x0000000088200000, 0x0000000088200000, 0x0000000088300000|  0%| F|  |TS  0|AC  0|TAMS 0x0000000088200000, 0x0000000088200000|
| 107|0x0000000088300000, 0x0000000088300000, 0x0000000088400000|  0%| F|  |TS  0|AC  0|TAMS 0x0000000088300000, 0x0000000088300000|
| 108|0x0000000088400000, 0x0000000088400000, 0x0000000088500000|  0%| F|  |TS  0|AC  0|TAMS 0x0000000088400000, 0x0000000088400000|
| 109|0x0000000088500000, 0x0000000088535110, 0x0000000088600000| 20%| S|CS|TS  1|AC  0|TAMS 0x0000000088500000, 0x0000000088500000|
| 110|0x0000000088600000, 0x0000000088700000, 0x0000000088700000|100%| S|CS|TS  1|AC  0|TAMS 0x0000000088600000, 0x0000000088600000|
| 111|0x0000000088700000, 0x0000000088800000, 0x0000000088800000|100%| S|CS|TS  1|AC  0|TAMS 0x0000000088700000, 0x0000000088700000|
| 112|0x0000000088800000, 0x0000000088900000, 0x0000000088900000|100%| S|CS|TS  1|AC  0|TAMS 0x0000000088800000, 0x0000000088800000|
| 113|0x0000000088900000, 0x0000000088a00000, 0x0000000088a00000|100%| S|CS|TS  1|AC  0|TAMS 0x0000000088900000, 0x0000000088900000|
| 114|0x0000000088a00000, 0x0000000088a00000, 0x0000000088b00000|  0%| F|  |TS  1|AC  0|TAMS 0x0000000088a00000, 0x0000000088a00000|
| 115|0x0000000088b00000, 0x0000000088b00000, 0x0000000088c00000|  0%| F|  |TS  1|AC  0|TAMS 0x0000000088b00000, 0x0000000088b00000|
| 116|0x0000000088c00000, 0x0000000088c00000, 0x0000000088d00000|  0%| F|  |TS  1|AC  0|TAMS 0x0000000088c00000, 0x0000000088c00000|
| 117|0x0000000088d00000, 0x0000000088d00000, 0x0000000088e00000|  0%| F|  |TS  1|AC  0|TAMS 0x0000000088d00000, 0x0000000088d00000|
| 118|0x0000000088e00000, 0x0000000088e00000, 0x0000000088f00000|  0%| F|  |TS  1|AC  0|TAMS 0x0000000088e00000, 0x0000000088e00000|
| 119|0x0000000088f00000, 0x0000000088f00000, 0x0000000089000000|  0%| F|  |TS  1|AC  0|TAMS 0x0000000088f00000, 0x0000000088f00000|
| 120|0x0000000089000000, 0x0000000089000000, 0x0000000089100000|  0%| F|  |TS  1|AC  0|TAMS 0x0000000089000000, 0x0000000089000000|
| 121|0x0000000089100000, 0x0000000089100000, 0x0000000089200000|  0%| F|  |TS  1|AC  0|TAMS 0x0000000089100000, 0x0000000089100000|
| 122|0x0000000089200000, 0x0000000089200000, 0x0000000089300000|  0%| F|  |TS  1|AC  0|TAMS 0x0000000089200000, 0x0000000089200000|
| 123|0x0000000089300000, 0x0000000089300000, 0x0000000089400000|  0%| F|  |TS  1|AC  0|TAMS 0x0000000089300000, 0x0000000089300000|
| 124|0x0000000089400000, 0x0000000089400000, 0x0000000089500000|  0%| F|  |TS  1|AC  0|TAMS 0x0000000089400000, 0x0000000089400000|
| 125|0x0000000089500000, 0x0000000089500000, 0x0000000089600000|  0%| F|  |TS  1|AC  0|TAMS 0x0000000089500000, 0x0000000089500000|
| 126|0x0000000089600000, 0x0000000089600000, 0x0000000089700000|  0%| F|  |TS  1|AC  0|TAMS 0x0000000089600000, 0x0000000089600000|
| 127|0x0000000089700000, 0x0000000089700000, 0x0000000089800000|  0%| F|  |TS  1|AC  0|TAMS 0x0000000089700000, 0x0000000089700000|

Card table byte_map: [0x0000021257190000,0x0000021257590000] byte_map_base: 0x0000021256d84000

Marking Bits (Prev, Next): (CMBitMap*) 0x000002123ebf9a68, (CMBitMap*) 0x000002123ebf9a30
 Prev Bits: [0x0000021259930000, 0x000002125b8d0000)
 Next Bits: [0x0000021257990000, 0x0000021259930000)

Polling page: 0x000002123eac0000

CodeHeap 'non-profiled nmethods': size=120064Kb used=1315Kb max_used=1315Kb free=118748Kb
 bounds [0x000002124ef10000, 0x000002124f180000, 0x0000021256450000]
CodeHeap 'profiled nmethods': size=120000Kb used=5244Kb max_used=5244Kb free=114755Kb
 bounds [0x00000212479e0000, 0x0000021247f00000, 0x000002124ef10000]
CodeHeap 'non-nmethods': size=5696Kb used=1481Kb max_used=1516Kb free=4214Kb
 bounds [0x0000021247450000, 0x00000212476c0000, 0x00000212479e0000]
 total_blobs=3955 nmethods=2682 adapters=678
 compilation: enabled

Compilation events (10 events):
Event: 4.091 Thread 0x000002125e7fa000 2677       3       com.sun.javafx.scene.EnteredExitedHandler::dispatchBubblingEvent (204 bytes)
Event: 4.092 Thread 0x000002125e7fa000 nmethod 2677 0x0000021247ef9210 code [0x0000021247ef9600, 0x0000021247efbe40]
Event: 4.124 Thread 0x000002125e7fa000 2678       1       com.sun.javafx.tk.quantum.PaintCollector::hasDirty (5 bytes)
Event: 4.125 Thread 0x000002125e7fa000 nmethod 2678 0x000002124f058710 code [0x000002124f0588c0, 0x000002124f0589d8]
Event: 4.476 Thread 0x000002125e7fa000 2679       3       com.sun.javafx.tk.quantum.QuantumToolkit::postPulse (106 bytes)
Event: 4.478 Thread 0x000002125e7fa000 nmethod 2679 0x0000021247efc610 code [0x0000021247efc940, 0x0000021247efdee0]
Event: 4.572 Thread 0x000002125e7fa000 2680       3       com.sun.javafx.tk.quantum.QuantumToolkit$$Lambda$54/927378043::run (8 bytes)
Event: 4.573 Thread 0x000002125e7fa000 nmethod 2680 0x0000021247efe410 code [0x0000021247efe600, 0x0000021247efea50]
Event: 4.573 Thread 0x000002125e7fa000 2681   !   3       com.sun.javafx.tk.quantum.QuantumToolkit::lambda$runToolkit$12 (16 bytes)
Event: 4.573 Thread 0x000002125e7fa000 nmethod 2681 0x0000021247efec10 code [0x0000021247efee00, 0x0000021247eff1d0]

GC Heap History (8 events):
Event: 0.755 GC heap before
{Heap before GC invocations=0 (full 0):
 garbage-first heap   total 131072K, used 19456K [0x0000000081800000, 0x0000000081900400, 0x0000000100000000)
  region size 1024K, 14 young (14336K), 0 survivors (0K)
 Metaspace       used 13262K, capacity 14186K, committed 14464K, reserved 1062912K
  class space    used 1634K, capacity 1815K, committed 1920K, reserved 1048576K
}
Event: 0.761 GC heap after
{Heap after GC invocations=1 (full 0):
 garbage-first heap   total 131072K, used 4155K [0x0000000081800000, 0x0000000081900400, 0x0000000100000000)
  region size 1024K, 2 young (2048K), 2 survivors (2048K)
 Metaspace       used 13262K, capacity 14186K, committed 14464K, reserved 1062912K
  class space    used 1634K, capacity 1815K, committed 1920K, reserved 1048576K
}
Event: 1.067 GC heap before
{Heap before GC invocations=1 (full 0):
 garbage-first heap   total 131072K, used 15419K [0x0000000081800000, 0x0000000081900400, 0x0000000100000000)
  region size 1024K, 8 young (8192K), 2 survivors (2048K)
 Metaspace       used 15942K, capacity 17090K, committed 17280K, reserved 1064960K
  class space    used 2136K, capacity 2372K, committed 2432K, reserved 1048576K
}
Event: 1.072 GC heap after
{Heap after GC invocations=2 (full 0):
 garbage-first heap   total 131072K, used 5697K [0x0000000081800000, 0x0000000081900400, 0x0000000100000000)
  region size 1024K, 1 young (1024K), 1 survivors (1024K)
 Metaspace       used 15942K, capacity 17090K, committed 17280K, reserved 1064960K
  class space    used 2136K, capacity 2372K, committed 2432K, reserved 1048576K
}
Event: 1.543 GC heap before
{Heap before GC invocations=2 (full 0):
 garbage-first heap   total 131072K, used 11841K [0x0000000081800000, 0x0000000081900400, 0x0000000100000000)
  region size 1024K, 8 young (8192K), 1 survivors (1024K)
 Metaspace       used 19462K, capacity 21244K, committed 21296K, reserved 1067008K
  class space    used 2808K, capacity 3151K, committed 3200K, reserved 1048576K
}
Event: 1.548 GC heap after
{Heap after GC invocations=3 (full 0):
 garbage-first heap   total 131072K, used 7285K [0x0000000081800000, 0x0000000081900400, 0x0000000100000000)
  region size 1024K, 3 young (3072K), 3 survivors (3072K)
 Metaspace       used 19462K, capacity 21244K, committed 21296K, reserved 1067008K
  class space    used 2808K, capacity 3151K, committed 3200K, reserved 1048576K
}
Event: 8.526 GC heap before
{Heap before GC invocations=4 (full 0):
 garbage-first heap   total 131072K, used 22645K [0x0000000081800000, 0x0000000081900400, 0x0000000100000000)
  region size 1024K, 14 young (14336K), 3 survivors (3072K)
 Metaspace       used 23291K, capacity 26422K, committed 26496K, reserved 1071104K
  class space    used 3453K, capacity 3960K, committed 3968K, reserved 1048576K
}
Event: 8.536 GC heap after
{Heap after GC invocations=5 (full 0):
 garbage-first heap   total 131072K, used 14101K [0x0000000081800000, 0x0000000081900400, 0x0000000100000000)
  region size 1024K, 5 young (5120K), 5 survivors (5120K)
 Metaspace       used 23291K, capacity 26422K, committed 26496K, reserved 1071104K
  class space    used 3453K, capacity 3960K, committed 3968K, reserved 1048576K
}

Deoptimization events (10 events):
Event: 2.777 Thread 0x000002125efea800 Uncommon trap: reason=unstable_if action=reinterpret pc=0x000002124f02c6ac method=javafx.scene.CssStyleHelper.lookup(Ljavafx/css/Styleable;Ljavafx/css/CssMetaData;Lcom/sun/javafx/css/StyleMap;Ljava/util/Set;Ljavafx/css/Styleable;Lcom/sun/javafx/css/Calcul
Event: 2.789 Thread 0x000002125efea800 Uncommon trap: reason=unstable_if action=reinterpret pc=0x000002124f02fc74 method=javafx.scene.CssStyleHelper.resolveRef(Ljavafx/css/Styleable;Ljava/lang/String;Lcom/sun/javafx/css/StyleMap;Ljava/util/Set;)Lcom/sun/javafx/css/CascadingStyle; @ 66 c2
Event: 2.804 Thread 0x000002125efea800 Uncommon trap: reason=unstable_if action=reinterpret pc=0x000002124efe27e8 method=javafx.scene.CssStyleHelper.getStyle(Ljavafx/css/Styleable;Ljava/lang/String;Lcom/sun/javafx/css/StyleMap;Ljava/util/Set;)Lcom/sun/javafx/css/CascadingStyle; @ 1 c2
Event: 2.811 Thread 0x000002125efea800 Uncommon trap: reason=unstable_if action=reinterpret pc=0x000002124f0296f0 method=com.sun.javafx.css.StyleManager$CacheContainer.getStyleMap(I)Lcom/sun/javafx/css/StyleMap; @ 9 c2
Event: 2.811 Thread 0x000002125efea800 Uncommon trap: reason=unstable_if action=reinterpret pc=0x000002124f026cf8 method=com.sun.javafx.css.StyleManager$CacheContainer.getStyleMap(I)Lcom/sun/javafx/css/StyleMap; @ 9 c2
Event: 2.821 Thread 0x000002125efea800 Uncommon trap: reason=array_check action=maybe_recompile pc=0x000002124f03f014 method=javafx.css.SimpleSelector.applies(Ljavafx/css/Styleable;[Ljava/util/Set;I)Z @ 37 c2
Event: 2.821 Thread 0x000002125efea800 Uncommon trap: reason=array_check action=maybe_recompile pc=0x000002124f03f014 method=javafx.css.SimpleSelector.applies(Ljavafx/css/Styleable;[Ljava/util/Set;I)Z @ 37 c2
Event: 2.821 Thread 0x000002125efea800 Uncommon trap: reason=array_check action=maybe_recompile pc=0x000002124f03f014 method=javafx.css.SimpleSelector.applies(Ljavafx/css/Styleable;[Ljava/util/Set;I)Z @ 37 c2
Event: 2.821 Thread 0x000002125efea800 Uncommon trap: reason=array_check action=maybe_recompile pc=0x000002124f03f014 method=javafx.css.SimpleSelector.applies(Ljavafx/css/Styleable;[Ljava/util/Set;I)Z @ 37 c2
Event: 2.837 Thread 0x000002125efea800 Uncommon trap: reason=array_check action=maybe_recompile pc=0x000002124f040b44 method=javafx.css.SimpleSelector.applies(Ljavafx/css/Styleable;[Ljava/util/Set;I)Z @ 37 c2

Classes redefined (0 events):
No events

Internal exceptions (10 events):
Event: 1.577 Thread 0x000002125efea800 Exception <a 'java/lang/ClassNotFoundException'{0x00000000897a89a0}: com/sun/javafx/scene/control/skin/resources/controls_zh_CN> (0x00000000897a89a0) thrown at [t:/workspace/hotspot/src/share/vm/prims/jni.cpp, line 625]
Event: 1.578 Thread 0x000002125efea800 Exception <a 'java/lang/ClassNotFoundException'{0x00000000897b71a8}: com/sun/javafx/scene/control/skin/resources/controls_zh_Hans> (0x00000000897b71a8) thrown at [t:/workspace/hotspot/src/share/vm/prims/jni.cpp, line 625]
Event: 1.578 Thread 0x000002125efea800 Exception <a 'java/lang/ClassNotFoundException'{0x00000000897b84c8}: com/sun/javafx/scene/control/skin/resources/controls_zh_Hans_CN> (0x00000000897b84c8) thrown at [t:/workspace/hotspot/src/share/vm/prims/jni.cpp, line 625]
Event: 1.770 Thread 0x000002125efea800 Exception <a 'java/lang/NoSuchMethodError'{0x0000000089003dc8}: method resolution failed> (0x0000000089003dc8) thrown at [t:/workspace/hotspot/src/share/vm/prims/methodHandles.cpp, line 1256]
Event: 1.770 Thread 0x000002125efea800 Exception <a 'java/lang/NoSuchMethodError'{0x0000000089006ff0}: java.lang.invoke.DirectMethodHandle$Holder.invokeStaticInit(Ljava/lang/Object;Ljava/lang/Object;Ljava/lang/Object;)J> (0x0000000089006ff0) thrown at [t:/workspace/hotspot/src/share/vm/interpr
Event: 1.772 Thread 0x000002125efea800 Exception <a 'java/lang/NoSuchMethodError'{0x0000000089019bc0}: method resolution failed> (0x0000000089019bc0) thrown at [t:/workspace/hotspot/src/share/vm/prims/methodHandles.cpp, line 1256]
Event: 1.773 Thread 0x000002125efea800 Exception <a 'java/lang/NoSuchMethodError'{0x000000008901fce8}: java.lang.invoke.DirectMethodHandle$Holder.invokeStatic(Ljava/lang/Object;Ljava/lang/Object;J)Ljava/lang/Object;> (0x000000008901fce8) thrown at [t:/workspace/hotspot/src/share/vm/interpreter
Event: 1.773 Thread 0x000002125efea800 Exception <a 'java/lang/NoSuchMethodError'{0x00000000890232e0}: method resolution failed> (0x00000000890232e0) thrown at [t:/workspace/hotspot/src/share/vm/prims/methodHandles.cpp, line 1256]
Event: 1.899 Thread 0x000002125ef66800 Exception <a 'java/lang/NoSuchMethodError'{0x0000000088c31688}: java.lang.invoke.DirectMethodHandle$Holder.invokeStaticInit(Ljava/lang/Object;I)Ljava/lang/Object;> (0x0000000088c31688) thrown at [t:/workspace/hotspot/src/share/vm/interpreter/linkResolver.
Event: 2.804 Thread 0x000002125efea800 Implicit null exception at 0x000002124efe1bba to 0x000002124efe27d1

Events (10 events):
Event: 3.510 loading class com/sun/javafx/tk/quantum/ViewScene
Event: 3.510 loading class com/sun/javafx/tk/quantum/ViewScene done
Event: 3.510 loading class com/sun/javafx/tk/quantum/WindowStage
Event: 3.510 loading class com/sun/javafx/tk/quantum/WindowStage done
Event: 3.512 loading class javafx/scene/control/skin/MenuButtonSkinBase
Event: 3.512 loading class javafx/scene/control/skin/MenuButtonSkinBase done
Event: 4.250 Executing VM operation: EnableBiasedLocking
Event: 4.250 Executing VM operation: EnableBiasedLocking done
Event: 8.526 Executing VM operation: G1IncCollectionPause
Event: 8.536 Executing VM operation: G1IncCollectionPause done


Dynamic libraries:
0x00007ff64a170000 - 0x00007ff64a1ae000 	C:\Program Files (x86)\java\bin\javaw.exe
0x00007ff8f2500000 - 0x00007ff8f26f0000 	C:\WINDOWS\SYSTEM32\ntdll.dll
0x00007ff8f17d0000 - 0x00007ff8f1882000 	C:\WINDOWS\System32\KERNEL32.DLL
0x00007ff8ef820000 - 0x00007ff8efac3000 	C:\WINDOWS\System32\KERNELBASE.dll
0x00007ff8f2410000 - 0x00007ff8f24b3000 	C:\WINDOWS\System32\ADVAPI32.dll
0x00007ff8f1720000 - 0x00007ff8f17be000 	C:\WINDOWS\System32\msvcrt.dll
0x00007ff8f0fb0000 - 0x00007ff8f1047000 	C:\WINDOWS\System32\sechost.dll
0x00007ff8f0e30000 - 0x00007ff8f0f50000 	C:\WINDOWS\System32\RPCRT4.dll
0x00007ff8f1050000 - 0x00007ff8f11e4000 	C:\WINDOWS\System32\USER32.dll
0x00007ff8ef490000 - 0x00007ff8ef4b1000 	C:\WINDOWS\System32\win32u.dll
0x00007ff8f0d50000 - 0x00007ff8f0d76000 	C:\WINDOWS\System32\GDI32.dll
0x00007ff8f0310000 - 0x00007ff8f04a4000 	C:\WINDOWS\System32\gdi32full.dll
0x00007ff8f0270000 - 0x00007ff8f030e000 	C:\WINDOWS\System32\msvcp_win.dll
0x00007ff8f04b0000 - 0x00007ff8f05aa000 	C:\WINDOWS\System32\ucrtbase.dll
0x00007ff8ddb10000 - 0x00007ff8ddd95000 	C:\WINDOWS\WinSxS\amd64_microsoft.windows.common-controls_6595b64144ccf1df_6.0.18362.720_none_e6beb5c51314836b\COMCTL32.dll
0x00007ff8db210000 - 0x00007ff8db21a000 	C:\WINDOWS\SYSTEM32\VERSION.dll
0x00007ff8f11f0000 - 0x00007ff8f1526000 	C:\WINDOWS\System32\combase.dll
0x00007ff8ef7a0000 - 0x00007ff8ef820000 	C:\WINDOWS\System32\bcryptPrimitives.dll
0x00007ff8f0d20000 - 0x00007ff8f0d4e000 	C:\WINDOWS\System32\IMM32.DLL
0x00007ff8db510000 - 0x00007ff8db5ff000 	C:\Program Files (x86)\java\bin\msvcr120.dll
0x00007ff8d6220000 - 0x00007ff8d62c6000 	C:\Program Files (x86)\java\bin\msvcp120.dll
0x0000000062f60000 - 0x0000000063984000 	C:\Program Files (x86)\java\bin\server\jvm.dll
0x00007ff8f15e0000 - 0x00007ff8f15e8000 	C:\WINDOWS\System32\PSAPI.DLL
0x00007ff8e9b10000 - 0x00007ff8e9b34000 	C:\WINDOWS\SYSTEM32\WINMM.dll
0x00007ff8daa40000 - 0x00007ff8daa49000 	C:\WINDOWS\SYSTEM32\WSOCK32.dll
0x00007ff8f1c70000 - 0x00007ff8f1cdf000 	C:\WINDOWS\System32\WS2_32.dll
0x00007ff8e9a30000 - 0x00007ff8e9a5d000 	C:\WINDOWS\SYSTEM32\winmmbase.dll
0x00007ff8ef6c0000 - 0x00007ff8ef70a000 	C:\WINDOWS\System32\cfgmgr32.dll
0x00007ff8e7e40000 - 0x00007ff8e7e4f000 	C:\Program Files (x86)\java\bin\verify.dll
0x00007ff8e5e50000 - 0x00007ff8e5e77000 	C:\Program Files (x86)\java\bin\java.dll
0x00007ff8ded20000 - 0x00007ff8ded36000 	C:\Program Files (x86)\java\bin\zip.dll
0x00007ff8e3190000 - 0x00007ff8e319a000 	C:\Program Files (x86)\java\bin\jimage.dll
0x00007ff8f0630000 - 0x00007ff8f0d15000 	C:\WINDOWS\System32\SHELL32.dll
0x00007ff8f1e20000 - 0x00007ff8f1ec9000 	C:\WINDOWS\System32\shcore.dll
0x00007ff8efaf0000 - 0x00007ff8f0270000 	C:\WINDOWS\System32\windows.storage.dll
0x00007ff8ef3f0000 - 0x00007ff8ef413000 	C:\WINDOWS\System32\profapi.dll
0x00007ff8ef440000 - 0x00007ff8ef48a000 	C:\WINDOWS\System32\powrprof.dll
0x00007ff8ef3c0000 - 0x00007ff8ef3d0000 	C:\WINDOWS\System32\UMPDC.dll
0x00007ff8f23b0000 - 0x00007ff8f2402000 	C:\WINDOWS\System32\shlwapi.dll
0x00007ff8ef420000 - 0x00007ff8ef431000 	C:\WINDOWS\System32\kernel.appcore.dll
0x00007ff8efad0000 - 0x00007ff8efae7000 	C:\WINDOWS\System32\cryptsp.dll
0x00007ff8ded00000 - 0x00007ff8ded1a000 	C:\Program Files (x86)\java\bin\net.dll
0x00007ff8e7030000 - 0x00007ff8e7121000 	C:\WINDOWS\SYSTEM32\WINHTTP.dll
0x00007ff8eec00000 - 0x00007ff8eec67000 	C:\WINDOWS\system32\mswsock.dll
0x00007ff8dec60000 - 0x00007ff8dec71000 	C:\Program Files (x86)\java\bin\nio.dll
0x000002123ee10000 - 0x000002123ee13000 	C:\Program Files (x86)\java\bin\api-ms-win-core-console-l1-1-0.dll
0x000002125ecf0000 - 0x000002125ecf3000 	C:\Program Files (x86)\java\bin\api-ms-win-core-datetime-l1-1-0.dll
0x000002125ed00000 - 0x000002125ed03000 	C:\Program Files (x86)\java\bin\api-ms-win-core-debug-l1-1-0.dll
0x000002125ed10000 - 0x000002125ed13000 	C:\Program Files (x86)\java\bin\api-ms-win-core-errorhandling-l1-1-0.dll
0x000002125ed20000 - 0x000002125ed24000 	C:\Program Files (x86)\java\bin\api-ms-win-core-file-l1-1-0.dll
0x000002125ed30000 - 0x000002125ed33000 	C:\Program Files (x86)\java\bin\api-ms-win-core-file-l1-2-0.dll
0x000002125ed40000 - 0x000002125ed43000 	C:\Program Files (x86)\java\bin\api-ms-win-core-file-l2-1-0.dll
0x000002125ed50000 - 0x000002125ed53000 	C:\Program Files (x86)\java\bin\api-ms-win-core-handle-l1-1-0.dll
0x000002125ed60000 - 0x000002125ed63000 	C:\Program Files (x86)\java\bin\api-ms-win-core-heap-l1-1-0.dll
0x000002125ed70000 - 0x000002125ed73000 	C:\Program Files (x86)\java\bin\api-ms-win-core-interlocked-l1-1-0.dll
0x000002125ed80000 - 0x000002125ed83000 	C:\Program Files (x86)\java\bin\api-ms-win-core-libraryloader-l1-1-0.dll
0x000002125ed90000 - 0x000002125ed93000 	C:\Program Files (x86)\java\bin\api-ms-win-core-localization-l1-2-0.dll
0x000002125eda0000 - 0x000002125eda3000 	C:\Program Files (x86)\java\bin\api-ms-win-core-memory-l1-1-0.dll
0x000002125edb0000 - 0x000002125edb3000 	C:\Program Files (x86)\java\bin\api-ms-win-core-namedpipe-l1-1-0.dll
0x000002125edc0000 - 0x000002125edc3000 	C:\Program Files (x86)\java\bin\api-ms-win-core-processenvironment-l1-1-0.dll
0x000002125edd0000 - 0x000002125edd3000 	C:\Program Files (x86)\java\bin\api-ms-win-core-processthreads-l1-1-0.dll
0x000002125ede0000 - 0x000002125ede3000 	C:\Program Files (x86)\java\bin\api-ms-win-core-processthreads-l1-1-1.dll
0x000002125edf0000 - 0x000002125edf3000 	C:\Program Files (x86)\java\bin\api-ms-win-core-profile-l1-1-0.dll
0x000002125ee00000 - 0x000002125ee03000 	C:\Program Files (x86)\java\bin\api-ms-win-core-rtlsupport-l1-1-0.dll
0x000002125ee10000 - 0x000002125ee13000 	C:\Program Files (x86)\java\bin\api-ms-win-core-string-l1-1-0.dll
0x000002125ee20000 - 0x000002125ee23000 	C:\Program Files (x86)\java\bin\api-ms-win-core-synch-l1-1-0.dll
0x000002125ee30000 - 0x000002125ee33000 	C:\Program Files (x86)\java\bin\api-ms-win-core-synch-l1-2-0.dll
0x000002125ee40000 - 0x000002125ee43000 	C:\Program Files (x86)\java\bin\api-ms-win-core-sysinfo-l1-1-0.dll
0x000002125ee50000 - 0x000002125ee53000 	C:\Program Files (x86)\java\bin\api-ms-win-core-timezone-l1-1-0.dll
0x000002125ee60000 - 0x000002125ee63000 	C:\Program Files (x86)\java\bin\api-ms-win-core-util-l1-1-0.dll
0x000002125ee70000 - 0x000002125ee73000 	C:\Program Files (x86)\java\bin\api-ms-win-crt-conio-l1-1-0.dll
0x000002125ee80000 - 0x000002125ee84000 	C:\Program Files (x86)\java\bin\api-ms-win-crt-convert-l1-1-0.dll
0x000002125ee90000 - 0x000002125ee93000 	C:\Program Files (x86)\java\bin\api-ms-win-crt-environment-l1-1-0.dll
0x000002125eea0000 - 0x000002125eea3000 	C:\Program Files (x86)\java\bin\api-ms-win-crt-filesystem-l1-1-0.dll
0x000002125eeb0000 - 0x000002125eeb3000 	C:\Program Files (x86)\java\bin\api-ms-win-crt-heap-l1-1-0.dll
0x000002125eec0000 - 0x000002125eec3000 	C:\Program Files (x86)\java\bin\api-ms-win-crt-locale-l1-1-0.dll
0x000002125eed0000 - 0x000002125eed5000 	C:\Program Files (x86)\java\bin\api-ms-win-crt-math-l1-1-0.dll
0x000002125eee0000 - 0x000002125eee5000 	C:\Program Files (x86)\java\bin\api-ms-win-crt-multibyte-l1-1-0.dll
0x000002125eef0000 - 0x000002125ef00000 	C:\Program Files (x86)\java\bin\api-ms-win-crt-private-l1-1-0.dll
0x000002125ef00000 - 0x000002125ef03000 	C:\Program Files (x86)\java\bin\api-ms-win-crt-process-l1-1-0.dll
0x000002125ef10000 - 0x000002125ef14000 	C:\Program Files (x86)\java\bin\api-ms-win-crt-runtime-l1-1-0.dll
0x000002125ef20000 - 0x000002125ef24000 	C:\Program Files (x86)\java\bin\api-ms-win-crt-stdio-l1-1-0.dll
0x000002125ef30000 - 0x000002125ef34000 	C:\Program Files (x86)\java\bin\api-ms-win-crt-string-l1-1-0.dll
0x000002125ef40000 - 0x000002125ef43000 	C:\Program Files (x86)\java\bin\api-ms-win-crt-time-l1-1-0.dll
0x000002125ef50000 - 0x000002125ef53000 	C:\Program Files (x86)\java\bin\api-ms-win-crt-utility-l1-1-0.dll
0x00007ff8d6000000 - 0x00007ff8d60f6000 	C:\Program Files (x86)\java\bin\ucrtbase.dll
0x00007ff8e99e0000 - 0x00007ff8e99f6000 	C:\Program Files (x86)\java\bin\vcruntime140.dll
0x00007ff8d5f60000 - 0x00007ff8d5ffc000 	C:\Program Files (x86)\java\bin\msvcp140.dll
0x00007ff8dc390000 - 0x00007ff8dc3e1000 	C:\Program Files (x86)\java\bin\concrt140.dll
0x00007ff8e9820000 - 0x00007ff8e9843000 	C:\Program Files (x86)\java\bin\prism_d3d.dll
0x00007ff8b1f00000 - 0x00007ff8b20c7000 	C:\WINDOWS\system32\d3d9.dll
0x00007ff8ed570000 - 0x00007ff8ed59d000 	C:\WINDOWS\SYSTEM32\dwmapi.dll
0x00007ff8ee070000 - 0x00007ff8ee090000 	C:\WINDOWS\SYSTEM32\dxcore.dll
0x00007ff8ecb30000 - 0x00007ff8ecbc9000 	C:\WINDOWS\system32\uxtheme.dll
0x00007ff8d3840000 - 0x00007ff8d3a17000 	C:\WINDOWS\System32\DriverStore\FileRepository\k127153.inf_amd64_3f3936d8dec668b8\igdumdim64.dll
0x00007ff8aaac0000 - 0x00007ff8adabd000 	C:\WINDOWS\System32\DriverStore\FileRepository\k127153.inf_amd64_3f3936d8dec668b8\igd9dxva64.dll
0x00007ff8f1890000 - 0x00007ff8f19e7000 	C:\WINDOWS\System32\ole32.dll
0x00007ff8f1ba0000 - 0x00007ff8f1c64000 	C:\WINDOWS\System32\OLEAUT32.dll
0x00007ff8def40000 - 0x00007ff8def8a000 	C:\Program Files (x86)\java\bin\glass.dll
0x00007ff8f1650000 - 0x00007ff8f1720000 	C:\WINDOWS\System32\COMDLG32.dll
0x00007ff8f1ce0000 - 0x00007ff8f1e16000 	C:\WINDOWS\System32\MSCTF.dll
0x00007ff8e1130000 - 0x00007ff8e2ec5000 	C:\WINDOWS\System32\DriverStore\FileRepository\k127153.inf_amd64_3f3936d8dec668b8\igc64.dll
0x00007ff8e9970000 - 0x00007ff8e9984000 	C:\Program Files (x86)\java\bin\javafx_font.dll
0x00007ff8d2d00000 - 0x00007ff8d2e99000 	C:\Program Files (x86)\java\bin\awt.dll
0x00007ff8eb130000 - 0x00007ff8eb6f0000 	C:\WINDOWS\SYSTEM32\d2d1.dll
0x00007ff8ec5f0000 - 0x00007ff8ec67f000 	C:\WINDOWS\SYSTEM32\apphelp.dll
0x00007ff8d3370000 - 0x00007ff8d340d000 	C:\Program Files (x86)\java\bin\fontmanager.dll
0x00007ff8de880000 - 0x00007ff8deb7e000 	C:\WINDOWS\SYSTEM32\dwrite.dll
0x00007ff8f1530000 - 0x00007ff8f15d2000 	C:\WINDOWS\System32\clbcatq.dll
0x00007ff8e6e80000 - 0x00007ff8e702f000 	C:\WINDOWS\SYSTEM32\WindowsCodecs.dll
0x00007ff8cd9d0000 - 0x00007ff8cda0a000 	C:\WINDOWS\system32\dataexchange.dll
0x00007ff8ebec0000 - 0x00007ff8ec09b000 	C:\WINDOWS\system32\dcomp.dll
0x00007ff8ebb50000 - 0x00007ff8ebdab000 	C:\WINDOWS\system32\d3d11.dll
0x00007ff8ee090000 - 0x00007ff8ee17b000 	C:\WINDOWS\system32\dxgi.dll
0x00007ff8ed130000 - 0x00007ff8ed38a000 	C:\WINDOWS\system32\twinapi.appcore.dll
0x00007ff8ed680000 - 0x00007ff8ed6a9000 	C:\WINDOWS\system32\RMCLIENT.dll
0x00007ff8decc0000 - 0x00007ff8decf3000 	C:\Program Files\Common Files\Microsoft Shared\Ink\rtscom.dll
0x00007ff8e0c60000 - 0x00007ff8e0cfe000 	C:\WINDOWS\System32\TextInputFramework.dll
0x00007ff8e7340000 - 0x00007ff8e766a000 	C:\WINDOWS\System32\CoreUIComponents.dll
0x00007ff8ec410000 - 0x00007ff8ec4e4000 	C:\WINDOWS\System32\CoreMessaging.dll
0x00007ff8ee3f0000 - 0x00007ff8ee421000 	C:\WINDOWS\SYSTEM32\ntmarta.dll
0x00007ff8eae50000 - 0x00007ff8eafa3000 	C:\WINDOWS\SYSTEM32\wintypes.dll
0x00007ff8df5b0000 - 0x00007ff8df856000 	C:\WINDOWS\System32\iertutil.dll
0x00007ff8c2f80000 - 0x00007ff8c316d000 	C:\WINDOWS\system32\SogouTSF.ime
0x00007ff8db200000 - 0x00007ff8db207000 	C:\WINDOWS\system32\MSIMG32.dll
0x00007ff8c26e0000 - 0x00007ff8c2f73000 	C:\WINDOWS\system32\SogouPy.ime
0x00007ff8d8de0000 - 0x00007ff8d8e45000 	C:\WINDOWS\SYSTEM32\OLEACC.dll
0x00007ff8dd670000 - 0x00007ff8dd688000 	C:\Program Files (x86)\SogouInput\Components\VoiceInput\1.0.0.170\VoiceInput64.dll

VM Arguments:
jvm_args: -Dfile.encoding=GBK 
java_command: application.Main
java_class_path (initial): E:\Interface\ProjetInterfaceV3\Version4\bin;E:\Interface\ProjetInterfaceV3\jfoenix-9.0.8.jar
Launcher Type: SUN_STANDARD

Logging:
Log output configuration:
#0: stdout all=warning uptime,level,tags
#1: stderr all=off uptime,level,tags

Environment Variables:
JAVA_HOME=C:\Program Files\Java\jdk-13.0.2
CLASSPATH=.;C:\Program Files\Java\jdk-13.0.2\bin;C:\Program Files\Java\jdk-13.0.2\lib\dt.jar;C:\Program Files\Java\jdk-13.0.2\lib\tools.jar;
PATH=C:\Users\Oracle\product\11.2.0\dbhome_1\bin;C:\Users\zxs\Oracle\product\11.2.0\dbhome_1\bin;C:\ProgramData\Oracle\Java\javapath;C:\Program Files (x86)\Common Files\Oracle\Java\javapath;C:\Program Files (x86)\Intel\iCLS Client\;C:\Program Files\Intel\iCLS Client\;C:\Program Files\Java\jdk-13.0.2\bin;C:\Program Files\Java\jdk-13.0.2\jre\bin;C:\WINDOWS\system32;C:\WINDOWS;C:\WINDOWS\System32\Wbem;C:\WINDOWS\System32\WindowsPowerShell\v1.0\;C:\WINDOWS\System32\OpenSSH\;D:\mysql\mysql-8.0.12-winx64\bin;D:\Xampp\php;D:\Xampp\php\php.exe;E:\SQLite;C:\Program Files (x86)\Intel\Intel(R) Management Engine Components\DAL;C:\Program Files\Intel\Intel(R) Management Engine Components\DAL;C:\Program Files (x86)\Intel\Intel(R) Management Engine Components\IPT;C:\Program Files\Intel\Intel(R) Management Engine Components\IPT;D:\xam\php;C:\composer;D:\Node\;C:\Program Files\Git\cmd;E:\Android\platform-tools;C:\MinGW\bin;C:\Program Files\Intel\WiFi\bin\;C:\Program Files\Common Files\Intel\WirelessCommon\;d:\xampp\mysql\bin\mysqld.exe --defaults-file=d:\xampp\mysql\bin\my.ini mysql;E:\Microsoft VS Code\bin;C:\Users\zxs\AppData\Roaming\Composer\vendor\bin;C:\Users\zxs\AppData\Roaming\npm;D:\xam\mysql\bin;E:\Android\platform-tools\;C:\Users\zxs\AppData\Local\Microsoft\WindowsApps;C:\Program Files\Java\apache-maven-3.6.3\bin
USERNAME=Olivier
OS=Windows_NT
PROCESSOR_IDENTIFIER=Intel64 Family 6 Model 142 Stepping 9, GenuineIntel



---------------  S Y S T E M  ---------------

OS: Windows 10 , 64 bit Build 18362 (10.0.18362.329)

CPU:total 4 (initial active 4) (2 cores per cpu, 2 threads per core) family 6 model 142 stepping 9, cmov, cx8, fxsr, mmx, sse, sse2, sse3, ssse3, sse4.1, sse4.2, popcnt, avx, avx2, aes, clmul, erms, 3dnowpref, lzcnt, ht, tsc, tscinvbit, bmi1, bmi2, adx, fma

Memory: 4k page, physical 8283776k(2438908k free), swap 13261224k(889288k free)

vm_info: Java HotSpot(TM) 64-Bit Server VM (9.0.1+11) for windows-amd64 JRE (9.0.1+11), built on Sep 28 2017 04:54:03 by "mach5one" with MS VC++ 12.0 (VS2013)

END.
